11:25:28.886 -------------------------------------------------- main.jsx:10:12
11:25:28.890 Basic Latin 0000 .. 007F main.jsx:11:12
11:25:28.951 [pass!] main.jsx:21:16
11:25:28.951 -------------------------------------------------- main.jsx:10:12
11:25:28.951 Latin-1 Supplement 0080 .. 00FF main.jsx:11:12
11:25:28.953 [pass!] main.jsx:21:16
11:25:28.953 -------------------------------------------------- main.jsx:10:12
11:25:28.953 Latin Extended-A 0100 .. 017F main.jsx:11:12
11:25:28.955 HMR: connected hot-module-replacement.js:342:13
11:25:28.955 [pass!] main.jsx:21:16
11:25:28.955 -------------------------------------------------- main.jsx:10:12
11:25:28.955 Latin Extended-B 0180 .. 024F main.jsx:11:12
11:25:28.956 [pass!] main.jsx:21:16
11:25:28.956 -------------------------------------------------- main.jsx:10:12
11:25:28.956 IPA Extensions 0250 .. 02AF main.jsx:11:12
11:25:28.957 [pass!] main.jsx:21:16
11:25:28.957 -------------------------------------------------- main.jsx:10:12
11:25:28.957 Spacing Modifier Letters 02B0 .. 02FF main.jsx:11:12
11:25:28.958 [pass!] main.jsx:21:16
11:25:28.958 -------------------------------------------------- main.jsx:10:12
11:25:28.958 Combining Diacritical Marks 0300 .. 036F main.jsx:11:12
11:25:28.959 [pass!] main.jsx:21:16
11:25:28.959 -------------------------------------------------- main.jsx:10:12
11:25:28.959 Greek and Coptic 0370 .. 03FF main.jsx:11:12
11:25:28.960 [pass!] main.jsx:21:16
11:25:28.960 -------------------------------------------------- main.jsx:10:12
11:25:28.960 Cyrillic 0400 .. 04FF main.jsx:11:12
11:25:28.961 [pass!] main.jsx:21:16
11:25:28.961 -------------------------------------------------- main.jsx:10:12
11:25:28.961 Cyrillic Supplement 0500 .. 052F main.jsx:11:12
11:25:28.961 [pass!] main.jsx:21:16
11:25:28.961 -------------------------------------------------- main.jsx:10:12
11:25:28.962 Armenian 0530 .. 058F main.jsx:11:12
11:25:28.962 [pass!] main.jsx:21:16
11:25:28.962 -------------------------------------------------- main.jsx:10:12
11:25:28.962 Hebrew 0590 .. 05FF main.jsx:11:12
11:25:28.962 [pass!] main.jsx:21:16
11:25:28.962 -------------------------------------------------- main.jsx:10:12
11:25:28.962 Arabic 0600 .. 06FF main.jsx:11:12
11:25:28.963 [pass!] main.jsx:21:16
11:25:28.963 -------------------------------------------------- main.jsx:10:12
11:25:28.963 Syriac 0700 .. 074F main.jsx:11:12
11:25:28.964 [pass!] main.jsx:21:16
11:25:28.964 -------------------------------------------------- main.jsx:10:12
11:25:28.964 Arabic Supplement 0750 .. 077F main.jsx:11:12
11:25:28.964 [pass!] main.jsx:21:16
11:25:28.965 -------------------------------------------------- main.jsx:10:12
11:25:28.965 Thaana 0780 .. 07BF main.jsx:11:12
11:25:28.965 [pass!] main.jsx:21:16
11:25:28.965 -------------------------------------------------- main.jsx:10:12
11:25:28.965 NKo 07C0 .. 07FF main.jsx:11:12
11:25:28.965 [pass!] main.jsx:21:16
11:25:28.965 -------------------------------------------------- main.jsx:10:12
11:25:28.965 Samaritan 0800 .. 083F main.jsx:11:12
11:25:28.966 [pass!] main.jsx:21:16
11:25:28.966 -------------------------------------------------- main.jsx:10:12
11:25:28.966 Mandaic 0840 .. 085F main.jsx:11:12
11:25:28.966 [pass!] main.jsx:21:16
11:25:28.966 -------------------------------------------------- main.jsx:10:12
11:25:28.966 Syriac Supplement 0860 .. 086F main.jsx:11:12
11:25:28.966 [pass!] main.jsx:21:16
11:25:28.966 -------------------------------------------------- main.jsx:10:12
11:25:28.966 Arabic Extended-A 08A0 .. 08FF main.jsx:11:12
11:25:28.967 [pass!] main.jsx:21:16
11:25:28.967 -------------------------------------------------- main.jsx:10:12
11:25:28.967 Devanagari 0900 .. 097F main.jsx:11:12
11:25:28.967 [pass!] main.jsx:21:16
11:25:28.967 -------------------------------------------------- main.jsx:10:12
11:25:28.967 Bengali 0980 .. 09FF main.jsx:11:12
11:25:28.968 [pass!] main.jsx:21:16
11:25:28.968 -------------------------------------------------- main.jsx:10:12
11:25:28.968 Gurmukhi 0A00 .. 0A7F main.jsx:11:12
11:25:28.968 [pass!] main.jsx:21:16
11:25:28.968 -------------------------------------------------- main.jsx:10:12
11:25:28.968 Gujarati 0A80 .. 0AFF main.jsx:11:12
11:25:28.969 [pass!] main.jsx:21:16
11:25:28.969 -------------------------------------------------- main.jsx:10:12
11:25:28.969 Oriya 0B00 .. 0B7F main.jsx:11:12
11:25:28.969 [pass!] main.jsx:21:16
11:25:28.969 -------------------------------------------------- main.jsx:10:12
11:25:28.969 Tamil 0B80 .. 0BFF main.jsx:11:12
11:25:28.970 [pass!] main.jsx:21:16
11:25:28.970 -------------------------------------------------- main.jsx:10:12
11:25:28.970 Telugu 0C00 .. 0C7F main.jsx:11:12
11:25:28.970 [pass!] main.jsx:21:16
11:25:28.970 -------------------------------------------------- main.jsx:10:12
11:25:28.970 Kannada 0C80 .. 0CFF main.jsx:11:12
11:25:28.971 [pass!] main.jsx:21:16
11:25:28.971 -------------------------------------------------- main.jsx:10:12
11:25:28.971 Malayalam 0D00 .. 0D7F main.jsx:11:12
11:25:28.971 [pass!] main.jsx:21:16
11:25:28.971 -------------------------------------------------- main.jsx:10:12
11:25:28.971 Sinhala 0D80 .. 0DFF main.jsx:11:12
11:25:28.971 [pass!] main.jsx:21:16
11:25:28.972 -------------------------------------------------- main.jsx:10:12
11:25:28.972 Thai 0E00 .. 0E7F main.jsx:11:12
11:25:28.972 [pass!] main.jsx:21:16
11:25:28.972 -------------------------------------------------- main.jsx:10:12
11:25:28.972 Lao 0E80 .. 0EFF main.jsx:11:12
11:25:28.972 [pass!] main.jsx:21:16
11:25:28.972 -------------------------------------------------- main.jsx:10:12
11:25:28.972 Tibetan 0F00 .. 0FFF main.jsx:11:12
11:25:28.973 [pass!] main.jsx:21:16
11:25:28.973 -------------------------------------------------- main.jsx:10:12
11:25:28.973 Myanmar 1000 .. 109F main.jsx:11:12
11:25:28.973 [pass!] main.jsx:21:16
11:25:28.974 -------------------------------------------------- main.jsx:10:12
11:25:28.974 Georgian 10A0 .. 10FF main.jsx:11:12
11:25:28.974 [pass!] main.jsx:21:16
11:25:28.974 -------------------------------------------------- main.jsx:10:12
11:25:28.974 Hangul Jamo 1100 .. 11FF main.jsx:11:12
11:25:28.974 [pass!] main.jsx:21:16
11:25:28.975 -------------------------------------------------- main.jsx:10:12
11:25:28.975 Ethiopic 1200 .. 137F main.jsx:11:12
11:25:28.975 [pass!] main.jsx:21:16
11:25:28.975 -------------------------------------------------- main.jsx:10:12
11:25:28.975 Ethiopic Supplement 1380 .. 139F main.jsx:11:12
11:25:28.976 [pass!] main.jsx:21:16
11:25:28.976 -------------------------------------------------- main.jsx:10:12
11:25:28.976 Cherokee 13A0 .. 13FF main.jsx:11:12
11:25:28.976 [pass!] main.jsx:21:16
11:25:28.976 -------------------------------------------------- main.jsx:10:12
11:25:28.976 Unified Canadian Aboriginal Syllabics 1400 .. 167F main.jsx:11:12
11:25:28.977 [pass!] main.jsx:21:16
11:25:28.977 -------------------------------------------------- main.jsx:10:12
11:25:28.977 Ogham 1680 .. 169F main.jsx:11:12
11:25:28.977 [pass!] main.jsx:21:16
11:25:28.977 -------------------------------------------------- main.jsx:10:12
11:25:28.977 Runic 16A0 .. 16FF main.jsx:11:12
11:25:28.978 [pass!] main.jsx:21:16
11:25:28.978 -------------------------------------------------- main.jsx:10:12
11:25:28.978 Tagalog 1700 .. 171F main.jsx:11:12
11:25:28.978 [pass!] main.jsx:21:16
11:25:28.978 -------------------------------------------------- main.jsx:10:12
11:25:28.978 Hanunoo 1720 .. 173F main.jsx:11:12
11:25:28.978 [pass!] main.jsx:21:16
11:25:28.978 -------------------------------------------------- main.jsx:10:12
11:25:28.978 Buhid 1740 .. 175F main.jsx:11:12
11:25:28.979 [pass!] main.jsx:21:16
11:25:28.979 -------------------------------------------------- main.jsx:10:12
11:25:28.979 Tagbanwa 1760 .. 177F main.jsx:11:12
11:25:28.979 [pass!] main.jsx:21:16
11:25:28.979 -------------------------------------------------- main.jsx:10:12
11:25:28.979 Khmer 1780 .. 17FF main.jsx:11:12
11:25:28.980 [pass!] main.jsx:21:16
11:25:28.980 -------------------------------------------------- main.jsx:10:12
11:25:28.980 Mongolian 1800 .. 18AF main.jsx:11:12
11:25:28.980 [pass!] main.jsx:21:16
11:25:28.980 -------------------------------------------------- main.jsx:10:12
11:25:28.980 Unified Canadian Aboriginal Syllabics Extended 18B0 .. 18FF main.jsx:11:12
11:25:28.981 [pass!] main.jsx:21:16
11:25:28.981 -------------------------------------------------- main.jsx:10:12
11:25:28.981 Limbu 1900 .. 194F main.jsx:11:12
11:25:28.981 [pass!] main.jsx:21:16
11:25:28.981 -------------------------------------------------- main.jsx:10:12
11:25:28.981 Tai Le 1950 .. 197F main.jsx:11:12
11:25:28.981 [pass!] main.jsx:21:16
11:25:28.981 -------------------------------------------------- main.jsx:10:12
11:25:28.981 New Tai Lue 1980 .. 19DF main.jsx:11:12
11:25:28.982 [pass!] main.jsx:21:16
11:25:28.982 -------------------------------------------------- main.jsx:10:12
11:25:28.982 Khmer Symbols 19E0 .. 19FF main.jsx:11:12
11:25:28.982 [pass!] main.jsx:21:16
11:25:28.982 -------------------------------------------------- main.jsx:10:12
11:25:28.982 Buginese 1A00 .. 1A1F main.jsx:11:12
11:25:28.982 [pass!] main.jsx:21:16
11:25:28.982 -------------------------------------------------- main.jsx:10:12
11:25:28.982 Tai Tham 1A20 .. 1AAF main.jsx:11:12
11:25:28.983 [pass!] main.jsx:21:16
11:25:28.983 -------------------------------------------------- main.jsx:10:12
11:25:28.983 Combining Diacritical Marks Extended 1AB0 .. 1AFF main.jsx:11:12
11:25:28.983 [pass!] main.jsx:21:16
11:25:28.983 -------------------------------------------------- main.jsx:10:12
11:25:28.983 Balinese 1B00 .. 1B7F main.jsx:11:12
11:25:28.984 [pass!] main.jsx:21:16
11:25:28.984 -------------------------------------------------- main.jsx:10:12
11:25:28.984 Sundanese 1B80 .. 1BBF main.jsx:11:12
11:25:28.984 [pass!] main.jsx:21:16
11:25:28.984 -------------------------------------------------- main.jsx:10:12
11:25:28.984 Batak 1BC0 .. 1BFF main.jsx:11:12
11:25:28.984 [pass!] main.jsx:21:16
11:25:28.984 -------------------------------------------------- main.jsx:10:12
11:25:28.984 Lepcha 1C00 .. 1C4F main.jsx:11:12
11:25:28.985 [pass!] main.jsx:21:16
11:25:28.985 -------------------------------------------------- main.jsx:10:12
11:25:28.985 Ol Chiki 1C50 .. 1C7F main.jsx:11:12
11:25:28.985 [pass!] main.jsx:21:16
11:25:28.985 -------------------------------------------------- main.jsx:10:12
11:25:28.985 Cyrillic Extended-C 1C80 .. 1C8F main.jsx:11:12
11:25:28.985 [pass!] main.jsx:21:16
11:25:28.985 -------------------------------------------------- main.jsx:10:12
11:25:28.985 Sundanese Supplement 1CC0 .. 1CCF main.jsx:11:12
11:25:28.986 [pass!] main.jsx:21:16
11:25:28.986 -------------------------------------------------- main.jsx:10:12
11:25:28.987 Vedic Extensions 1CD0 .. 1CFF main.jsx:11:12
11:25:28.987 [pass!] main.jsx:21:16
11:25:28.987 -------------------------------------------------- main.jsx:10:12
11:25:28.987 Phonetic Extensions 1D00 .. 1D7F main.jsx:11:12
11:25:28.987 [pass!] main.jsx:21:16
11:25:28.987 -------------------------------------------------- main.jsx:10:12
11:25:28.987 Phonetic Extensions Supplement 1D80 .. 1DBF main.jsx:11:12
11:25:28.988 [pass!] main.jsx:21:16
11:25:28.988 -------------------------------------------------- main.jsx:10:12
11:25:28.988 Combining Diacritical Marks Supplement 1DC0 .. 1DFF main.jsx:11:12
11:25:28.988 [pass!] main.jsx:21:16
11:25:28.988 -------------------------------------------------- main.jsx:10:12
11:25:28.988 Latin Extended Additional 1E00 .. 1EFF main.jsx:11:12
11:25:28.988 [pass!] main.jsx:21:16
11:25:28.988 -------------------------------------------------- main.jsx:10:12
11:25:28.988 Greek Extended 1F00 .. 1FFF main.jsx:11:12
11:25:28.989 [pass!] main.jsx:21:16
11:25:28.989 -------------------------------------------------- main.jsx:10:12
11:25:28.989 General Punctuation 2000 .. 206F main.jsx:11:12
11:25:28.989 [pass!] main.jsx:21:16
11:25:28.989 -------------------------------------------------- main.jsx:10:12
11:25:28.989 Superscripts and Subscripts 2070 .. 209F main.jsx:11:12
11:25:28.990 [pass!] main.jsx:21:16
11:25:28.990 -------------------------------------------------- main.jsx:10:12
11:25:28.990 Currency Symbols 20A0 .. 20CF main.jsx:11:12
11:25:28.990 [pass!] main.jsx:21:16
11:25:28.990 -------------------------------------------------- main.jsx:10:12
11:25:28.990 Combining Diacritical Marks for Symbols 20D0 .. 20FF main.jsx:11:12
11:25:28.990 [pass!] main.jsx:21:16
11:25:28.990 -------------------------------------------------- main.jsx:10:12
11:25:28.990 Letterlike Symbols 2100 .. 214F main.jsx:11:12
11:25:28.991 [pass!] main.jsx:21:16
11:25:28.991 -------------------------------------------------- main.jsx:10:12
11:25:28.991 Number Forms 2150 .. 218F main.jsx:11:12
11:25:28.991 [pass!] main.jsx:21:16
11:25:28.991 -------------------------------------------------- main.jsx:10:12
11:25:28.991 Arrows 2190 .. 21FF main.jsx:11:12
11:25:28.991 [pass!] main.jsx:21:16
11:25:28.991 -------------------------------------------------- main.jsx:10:12
11:25:28.991 Mathematical Operators 2200 .. 22FF main.jsx:11:12
11:25:28.992 [pass!] main.jsx:21:16
11:25:28.992 -------------------------------------------------- main.jsx:10:12
11:25:28.992 Miscellaneous Technical 2300 .. 23FF main.jsx:11:12
11:25:28.993 [pass!] main.jsx:21:16
11:25:28.993 -------------------------------------------------- main.jsx:10:12
11:25:28.993 Control Pictures 2400 .. 243F main.jsx:11:12
11:25:28.993 [pass!] main.jsx:21:16
11:25:28.993 -------------------------------------------------- main.jsx:10:12
11:25:28.993 Optical Character Recognition 2440 .. 245F main.jsx:11:12
11:25:28.993 [pass!] main.jsx:21:16
11:25:28.993 -------------------------------------------------- main.jsx:10:12
11:25:28.994 Enclosed Alphanumerics 2460 .. 24FF main.jsx:11:12
11:25:28.994 [pass!] main.jsx:21:16
11:25:28.994 -------------------------------------------------- main.jsx:10:12
11:25:28.994 Box Drawing 2500 .. 257F main.jsx:11:12
11:25:28.994 [pass!] main.jsx:21:16
11:25:28.994 -------------------------------------------------- main.jsx:10:12
11:25:28.994 Block Elements 2580 .. 259F main.jsx:11:12
11:25:28.995 [pass!] main.jsx:21:16
11:25:28.995 -------------------------------------------------- main.jsx:10:12
11:25:28.995 Geometric Shapes 25A0 .. 25FF main.jsx:11:12
11:25:28.995 [pass!] main.jsx:21:16
11:25:28.995 -------------------------------------------------- main.jsx:10:12
11:25:28.995 Miscellaneous Symbols 2600 .. 26FF main.jsx:11:12
11:25:28.996 [pass!] main.jsx:21:16
11:25:28.996 -------------------------------------------------- main.jsx:10:12
11:25:28.996 Dingbats 2700 .. 27BF main.jsx:11:12
11:25:28.996 [pass!] main.jsx:21:16
11:25:28.996 -------------------------------------------------- main.jsx:10:12
11:25:28.996 Miscellaneous Mathematical Symbols-A 27C0 .. 27EF main.jsx:11:12
11:25:28.996 [pass!] main.jsx:21:16
11:25:28.997 -------------------------------------------------- main.jsx:10:12
11:25:28.997 Supplemental Arrows-A 27F0 .. 27FF main.jsx:11:12
11:25:28.997 [pass!] main.jsx:21:16
11:25:28.997 -------------------------------------------------- main.jsx:10:12
11:25:28.997 Braille Patterns 2800 .. 28FF main.jsx:11:12
11:25:28.997 [pass!] main.jsx:21:16
11:25:28.997 -------------------------------------------------- main.jsx:10:12
11:25:28.998 Supplemental Arrows-B 2900 .. 297F main.jsx:11:12
11:25:28.998 [pass!] main.jsx:21:16
11:25:28.998 -------------------------------------------------- main.jsx:10:12
11:25:28.998 Miscellaneous Mathematical Symbols-B 2980 .. 29FF main.jsx:11:12
11:25:28.998 [pass!] main.jsx:21:16
11:25:28.998 -------------------------------------------------- main.jsx:10:12
11:25:28.998 Supplemental Mathematical Operators 2A00 .. 2AFF main.jsx:11:12
11:25:28.999 [pass!] main.jsx:21:16
11:25:28.999 -------------------------------------------------- main.jsx:10:12
11:25:28.999 Miscellaneous Symbols and Arrows 2B00 .. 2BFF main.jsx:11:12
11:25:28.999 [pass!] main.jsx:21:16
11:25:28.999 -------------------------------------------------- main.jsx:10:12
11:25:28.999 Glagolitic 2C00 .. 2C5F main.jsx:11:12
11:25:29.000 [pass!] main.jsx:21:16
11:25:29.000 -------------------------------------------------- main.jsx:10:12
11:25:29.000 Latin Extended-C 2C60 .. 2C7F main.jsx:11:12
11:25:29.000 [pass!] main.jsx:21:16
11:25:29.000 -------------------------------------------------- main.jsx:10:12
11:25:29.000 Coptic 2C80 .. 2CFF main.jsx:11:12
11:25:29.000 [pass!] main.jsx:21:16
11:25:29.000 -------------------------------------------------- main.jsx:10:12
11:25:29.000 Georgian Supplement 2D00 .. 2D2F main.jsx:11:12
11:25:29.001 [pass!] main.jsx:21:16
11:25:29.001 -------------------------------------------------- main.jsx:10:12
11:25:29.001 Tifinagh 2D30 .. 2D7F main.jsx:11:12
11:25:29.001 [pass!] main.jsx:21:16
11:25:29.001 -------------------------------------------------- main.jsx:10:12
11:25:29.001 Ethiopic Extended 2D80 .. 2DDF main.jsx:11:12
11:25:29.001 [pass!] main.jsx:21:16
11:25:29.001 -------------------------------------------------- main.jsx:10:12
11:25:29.002 Cyrillic Extended-A 2DE0 .. 2DFF main.jsx:11:12
11:25:29.002 [pass!] main.jsx:21:16
11:25:29.002 -------------------------------------------------- main.jsx:10:12
11:25:29.002 Supplemental Punctuation 2E00 .. 2E7F main.jsx:11:12
11:25:29.002 [pass!] main.jsx:21:16
11:25:29.002 -------------------------------------------------- main.jsx:10:12
11:25:29.002 CJK Radicals Supplement 2E80 .. 2EFF main.jsx:11:12
11:25:29.003 [pass!] main.jsx:21:16
11:25:29.003 -------------------------------------------------- main.jsx:10:12
11:25:29.003 Kangxi Radicals 2F00 .. 2FDF main.jsx:11:12
11:25:29.003 [pass!] main.jsx:21:16
11:25:29.003 -------------------------------------------------- main.jsx:10:12
11:25:29.003 Ideographic Description Characters 2FF0 .. 2FFF main.jsx:11:12
11:25:29.003 [pass!] main.jsx:21:16
11:25:29.003 -------------------------------------------------- main.jsx:10:12
11:25:29.003 CJK Symbols and Punctuation 3000 .. 303F main.jsx:11:12
11:25:29.004 [pass!] main.jsx:21:16
11:25:29.004 -------------------------------------------------- main.jsx:10:12
11:25:29.004 Hiragana 3040 .. 309F main.jsx:11:12
11:25:29.004 [pass!] main.jsx:21:16
11:25:29.004 -------------------------------------------------- main.jsx:10:12
11:25:29.004 Katakana 30A0 .. 30FF main.jsx:11:12
11:25:29.004 [pass!] main.jsx:21:16
11:25:29.005 -------------------------------------------------- main.jsx:10:12
11:25:29.005 Bopomofo 3100 .. 312F main.jsx:11:12
11:25:29.005 [pass!] main.jsx:21:16
11:25:29.005 -------------------------------------------------- main.jsx:10:12
11:25:29.005 Hangul Compatibility Jamo 3130 .. 318F main.jsx:11:12
11:25:29.005 [pass!] main.jsx:21:16
11:25:29.005 -------------------------------------------------- main.jsx:10:12
11:25:29.005 Kanbun 3190 .. 319F main.jsx:11:12
11:25:29.005 [pass!] main.jsx:21:16
11:25:29.005 -------------------------------------------------- main.jsx:10:12
11:25:29.005 Bopomofo Extended 31A0 .. 31BF main.jsx:11:12
11:25:29.006 [pass!] main.jsx:21:16
11:25:29.006 -------------------------------------------------- main.jsx:10:12
11:25:29.006 CJK Strokes 31C0 .. 31EF main.jsx:11:12
11:25:29.006 [pass!] main.jsx:21:16
11:25:29.006 -------------------------------------------------- main.jsx:10:12
11:25:29.006 Katakana Phonetic Extensions 31F0 .. 31FF main.jsx:11:12
11:25:29.006 [pass!] main.jsx:21:16
11:25:29.006 -------------------------------------------------- main.jsx:10:12
11:25:29.006 Enclosed CJK Letters and Months 3200 .. 32FF main.jsx:11:12
11:25:29.007 [pass!] main.jsx:21:16
11:25:29.007 -------------------------------------------------- main.jsx:10:12
11:25:29.007 CJK Compatibility 3300 .. 33FF main.jsx:11:12
11:25:29.008 [pass!] main.jsx:21:16
11:25:29.008 -------------------------------------------------- main.jsx:10:12
11:25:29.008 CJK Unified Ideographs Extension A 3400 .. 4DBF main.jsx:11:12
11:25:29.013 [pass!] main.jsx:21:16
11:25:29.013 -------------------------------------------------- main.jsx:10:12
11:25:29.014 Yijing Hexagram Symbols 4DC0 .. 4DFF main.jsx:11:12
11:25:29.014 [pass!] main.jsx:21:16
11:25:29.014 -------------------------------------------------- main.jsx:10:12
11:25:29.014 CJK Unified Ideographs 4E00 .. 9FFF main.jsx:11:12
11:25:29.033 [pass!] main.jsx:21:16
11:25:29.033 -------------------------------------------------- main.jsx:10:12
11:25:29.033 Yi Syllables A000 .. A48F main.jsx:11:12
11:25:29.035 [pass!] main.jsx:21:16
11:25:29.035 -------------------------------------------------- main.jsx:10:12
11:25:29.035 Yi Radicals A490 .. A4CF main.jsx:11:12
11:25:29.035 [pass!] main.jsx:21:16
11:25:29.035 -------------------------------------------------- main.jsx:10:12
11:25:29.035 Lisu A4D0 .. A4FF main.jsx:11:12
11:25:29.035 [pass!] main.jsx:21:16
11:25:29.035 -------------------------------------------------- main.jsx:10:12
11:25:29.035 Vai A500 .. A63F main.jsx:11:12
11:25:29.036 [pass!] main.jsx:21:16
11:25:29.036 -------------------------------------------------- main.jsx:10:12
11:25:29.036 Cyrillic Extended-B A640 .. A69F main.jsx:11:12
11:25:29.036 [pass!] main.jsx:21:16
11:25:29.036 -------------------------------------------------- main.jsx:10:12
11:25:29.036 Bamum A6A0 .. A6FF main.jsx:11:12
11:25:29.037 [pass!] main.jsx:21:16
11:25:29.037 -------------------------------------------------- main.jsx:10:12
11:25:29.037 Modifier Tone Letters A700 .. A71F main.jsx:11:12
11:25:29.037 [pass!] main.jsx:21:16
11:25:29.037 -------------------------------------------------- main.jsx:10:12
11:25:29.037 Latin Extended-D A720 .. A7FF main.jsx:11:12
11:25:29.038 [pass!] main.jsx:21:16
11:25:29.038 -------------------------------------------------- main.jsx:10:12
11:25:29.038 Syloti Nagri A800 .. A82F main.jsx:11:12
11:25:29.038 [pass!] main.jsx:21:16
11:25:29.038 -------------------------------------------------- main.jsx:10:12
11:25:29.038 Common Indic Number Forms A830 .. A83F main.jsx:11:12
11:25:29.038 [pass!] main.jsx:21:16
11:25:29.038 -------------------------------------------------- main.jsx:10:12
11:25:29.038 Phags-pa A840 .. A87F main.jsx:11:12
11:25:29.038 [pass!] main.jsx:21:16
11:25:29.038 -------------------------------------------------- main.jsx:10:12
11:25:29.039 Saurashtra A880 .. A8DF main.jsx:11:12
11:25:29.039 [pass!] main.jsx:21:16
11:25:29.039 -------------------------------------------------- main.jsx:10:12
11:25:29.039 Devanagari Extended A8E0 .. A8FF main.jsx:11:12
11:25:29.039 [pass!] main.jsx:21:16
11:25:29.039 -------------------------------------------------- main.jsx:10:12
11:25:29.039 Kayah Li A900 .. A92F main.jsx:11:12
11:25:29.039 [pass!] main.jsx:21:16
11:25:29.039 -------------------------------------------------- main.jsx:10:12
11:25:29.039 Rejang A930 .. A95F main.jsx:11:12
11:25:29.040 [pass!] main.jsx:21:16
11:25:29.040 -------------------------------------------------- main.jsx:10:12
11:25:29.040 Hangul Jamo Extended-A A960 .. A97F main.jsx:11:12
11:25:29.040 [pass!] main.jsx:21:16
11:25:29.040 -------------------------------------------------- main.jsx:10:12
11:25:29.040 Javanese A980 .. A9DF main.jsx:11:12
11:25:29.040 [pass!] main.jsx:21:16
11:25:29.040 -------------------------------------------------- main.jsx:10:12
11:25:29.040 Myanmar Extended-B A9E0 .. A9FF main.jsx:11:12
11:25:29.040 [pass!] main.jsx:21:16
11:25:29.040 -------------------------------------------------- main.jsx:10:12
11:25:29.040 Cham AA00 .. AA5F main.jsx:11:12
11:25:29.041 [pass!] main.jsx:21:16
11:25:29.041 -------------------------------------------------- main.jsx:10:12
11:25:29.041 Myanmar Extended-A AA60 .. AA7F main.jsx:11:12
11:25:29.041 [pass!] main.jsx:21:16
11:25:29.041 -------------------------------------------------- main.jsx:10:12
11:25:29.041 Tai Viet AA80 .. AADF main.jsx:11:12
11:25:29.041 [pass!] main.jsx:21:16
11:25:29.041 -------------------------------------------------- main.jsx:10:12
11:25:29.041 Meetei Mayek Extensions AAE0 .. AAFF main.jsx:11:12
11:25:29.041 [pass!] main.jsx:21:16
11:25:29.042 -------------------------------------------------- main.jsx:10:12
11:25:29.042 Ethiopic Extended-A AB00 .. AB2F main.jsx:11:12
11:25:29.042 [pass!] main.jsx:21:16
11:25:29.042 -------------------------------------------------- main.jsx:10:12
11:25:29.042 Latin Extended-E AB30 .. AB6F main.jsx:11:12
11:25:29.042 [pass!] main.jsx:21:16
11:25:29.042 -------------------------------------------------- main.jsx:10:12
11:25:29.042 Cherokee Supplement AB70 .. ABBF main.jsx:11:12
11:25:29.042 [pass!] main.jsx:21:16
11:25:29.042 -------------------------------------------------- main.jsx:10:12
11:25:29.042 Meetei Mayek ABC0 .. ABFF main.jsx:11:12
11:25:29.043 [pass!] main.jsx:21:16
11:25:29.043 -------------------------------------------------- main.jsx:10:12
11:25:29.043 Hangul Syllables AC00 .. D7AF main.jsx:11:12
11:25:29.051 [pass!] main.jsx:21:16
11:25:29.051 -------------------------------------------------- main.jsx:10:12
11:25:29.051 Hangul Jamo Extended-B D7B0 .. D7FF main.jsx:11:12
11:25:29.052 [pass!] main.jsx:21:16
11:25:29.052 -------------------------------------------------- main.jsx:10:12
11:25:29.052 High Surrogates D800 .. DB7F main.jsx:11:12
11:25:29.053 [fail!]: {
  "m": "168df3b2b61aec9edd2e484a7d3acbd93b8aebd7aea11537c8690187895a14eb",
  "c": "malformed URI sequence",
  "w": "a72d48b9ff30c00cd9fa8a7faa6729a36c7716d3ba9994a65beb794972166cda"
} main.jsx:26:16
11:25:29.053 -------------------------------------------------- main.jsx:10:12
11:25:29.053 High Private Use Surrogates DB80 .. DBFF main.jsx:11:12
11:25:29.053 [fail!]: {
  "m": "be83f1d8ce29d0d12818eeb2b54a70427cbc10f1daee0001c69240cf56d86837",
  "c": "malformed URI sequence",
  "w": "be6287c35aa8732b93aae3a14542bd7f5acb2a6734471d324d5b77e70ccd45cd"
} main.jsx:26:16
11:25:29.053 -------------------------------------------------- main.jsx:10:12
11:25:29.054 Low Surrogates DC00 .. DFFF main.jsx:11:12
11:25:29.054 [fail!]: {
  "m": "b8648e201e8bc2caf5a59fc73294035957815974db8f7127e1057dcd17e8bc99",
  "c": "malformed URI sequence",
  "w": "1172cb612b625fa9a8f19c208e130581518ac5908b0bf2274a302e4d028d13e0"
} main.jsx:26:16
11:25:29.054 -------------------------------------------------- main.jsx:10:12
11:25:29.055 Private Use Area E000 .. F8FF main.jsx:11:12
11:25:29.059 [pass!] main.jsx:21:16
11:25:29.059 -------------------------------------------------- main.jsx:10:12
11:25:29.059 CJK Compatibility Ideographs F900 .. FAFF main.jsx:11:12
11:25:29.060 [pass!] main.jsx:21:16
11:25:29.060 -------------------------------------------------- main.jsx:10:12
11:25:29.060 Alphabetic Presentation Forms FB00 .. FB4F main.jsx:11:12
11:25:29.060 [pass!] main.jsx:21:16
11:25:29.060 -------------------------------------------------- main.jsx:10:12
11:25:29.060 Arabic Presentation Forms-A FB50 .. FDFF main.jsx:11:12
11:25:29.061 [pass!] main.jsx:21:16
11:25:29.061 -------------------------------------------------- main.jsx:10:12
11:25:29.061 Variation Selectors FE00 .. FE0F main.jsx:11:12
11:25:29.062 [pass!] main.jsx:21:16
11:25:29.062 -------------------------------------------------- main.jsx:10:12
11:25:29.062 Vertical Forms FE10 .. FE1F main.jsx:11:12
11:25:29.062 [pass!] main.jsx:21:16
11:25:29.062 -------------------------------------------------- main.jsx:10:12
11:25:29.062 Combining Half Marks FE20 .. FE2F main.jsx:11:12
11:25:29.062 [pass!] main.jsx:21:16
11:25:29.062 -------------------------------------------------- main.jsx:10:12
11:25:29.062 CJK Compatibility Forms FE30 .. FE4F main.jsx:11:12
11:25:29.062 [pass!] main.jsx:21:16
11:25:29.062 -------------------------------------------------- main.jsx:10:12
11:25:29.062 Small Form Variants FE50 .. FE6F main.jsx:11:12
11:25:29.063 [pass!] main.jsx:21:16
11:25:29.063 -------------------------------------------------- main.jsx:10:12
11:25:29.063 Arabic Presentation Forms-B FE70 .. FEFF main.jsx:11:12
11:25:29.063 [pass!] main.jsx:21:16
11:25:29.063 -------------------------------------------------- main.jsx:10:12
11:25:29.063 Halfwidth and Fullwidth Forms FF00 .. FFEF main.jsx:11:12
11:25:29.063 [pass!] main.jsx:21:16
11:25:29.063 -------------------------------------------------- main.jsx:10:12
11:25:29.063 Specials FFF0 .. FFFF main.jsx:11:12
11:25:29.064 [pass!] main.jsx:21:16
11:25:29.064 -------------------------------------------------- main.jsx:10:12
11:25:29.064 Linear B Syllabary 10000 .. 1007F main.jsx:11:12
11:25:29.064 [fail!]: {
  "m": "8746c1398e1e9413d19078f47e6be9ee409fc6df047cbfc84c7fc9cb550a7815",
  "c": "1ba88b76cb0d3d82e778fe92071d0eefa01cdc6a4a71535f8f8efd3a036469e2",
  "w": "1ba88b76cb0d3d82e778fe92071d0eefa01cdc6a4a71535f8f8efd3a036469e2"
} main.jsx:26:16
11:25:29.064 -------------------------------------------------- main.jsx:10:12
11:25:29.064 Linear B Ideograms 10080 .. 100FF main.jsx:11:12
11:25:29.064 [fail!]: {
  "m": "b6e9c8bae5075a24d045130ae69d299193b5c5236a74d805dfccf548c7d333ca",
  "c": "80d134f997be3207abf9668593bd887850dcfaaef5fcd7fc909ab8ae5a3d23d1",
  "w": "80d134f997be3207abf9668593bd887850dcfaaef5fcd7fc909ab8ae5a3d23d1"
} main.jsx:26:16
11:25:29.065 -------------------------------------------------- main.jsx:10:12
11:25:29.065 Aegean Numbers 10100 .. 1013F main.jsx:11:12
11:25:29.065 [fail!]: {
  "m": "460acb76e29ce5bf70c9275bba8055d5866a09fe5a0ea66618f17fe6e144827e",
  "c": "5c69685600e91981d67e74154d39ea3a882b37ccfaec9208e20d78f5d6990d87",
  "w": "5c69685600e91981d67e74154d39ea3a882b37ccfaec9208e20d78f5d6990d87"
} main.jsx:26:16
11:25:29.065 -------------------------------------------------- main.jsx:10:12
11:25:29.065 Ancient Greek Numbers 10140 .. 1018F main.jsx:11:12
11:25:29.065 [fail!]: {
  "m": "6245db0674b1e9ba1871ddb1372bb63863dc3c5fad7e831ec908340b306cd3cd",
  "c": "2e158328acb4476a90d1d80dbca4453fbd9367200c63da0b2002b7ef5b96bac0",
  "w": "2e158328acb4476a90d1d80dbca4453fbd9367200c63da0b2002b7ef5b96bac0"
} main.jsx:26:16
11:25:29.065 -------------------------------------------------- main.jsx:10:12
11:25:29.065 Ancient Symbols 10190 .. 101CF main.jsx:11:12
11:25:29.066 [fail!]: {
  "m": "91914ce522a5463c98b2ae728a26dd7f4c1bd11aa802255c638ba560318c60fc",
  "c": "e9b95670276f4f3d9ae02473786db131d43852233a0fa83eafcd5c2e34f6239b",
  "w": "e9b95670276f4f3d9ae02473786db131d43852233a0fa83eafcd5c2e34f6239b"
} main.jsx:26:16
11:25:29.066 -------------------------------------------------- main.jsx:10:12
11:25:29.066 Phaistos Disc 101D0 .. 101FF main.jsx:11:12
11:25:29.066 [fail!]: {
  "m": "b43b5805c868a8848c27a3f9e911ac1b58d4285bd27280c7350a7bf923534115",
  "c": "2d5f1b0a98d965f6e05c83ae0c90be6de8c045589413fb4328fbd3bfab16dbe5",
  "w": "2d5f1b0a98d965f6e05c83ae0c90be6de8c045589413fb4328fbd3bfab16dbe5"
} main.jsx:26:16
11:25:29.066 -------------------------------------------------- main.jsx:10:12
11:25:29.066 Lycian 10280 .. 1029F main.jsx:11:12
11:25:29.066 [fail!]: {
  "m": "890ddea1150e4e88ab6b0af0ec4853a3655d1e7e27ed7888d9c516b9c5ba39f9",
  "c": "05796df89f3e9486254fa5c5971ea04fa8fb26463f7fd6b504cf3d7c09297f24",
  "w": "05796df89f3e9486254fa5c5971ea04fa8fb26463f7fd6b504cf3d7c09297f24"
} main.jsx:26:16
11:25:29.066 -------------------------------------------------- main.jsx:10:12
11:25:29.067 Carian 102A0 .. 102DF main.jsx:11:12
11:25:29.067 [fail!]: {
  "m": "b8edaeb9ae762639bde5c5ce18a131a9ccc60f7d106d1f78865c8abe3ede3cb5",
  "c": "051a12343cd18f6f4ee3b042c7b7c6f65e3a16932a546eeadc8116af470d47ae",
  "w": "051a12343cd18f6f4ee3b042c7b7c6f65e3a16932a546eeadc8116af470d47ae"
} main.jsx:26:16
11:25:29.067 -------------------------------------------------- main.jsx:10:12
11:25:29.067 Coptic Epact Numbers 102E0 .. 102FF main.jsx:11:12
11:25:29.067 [fail!]: {
  "m": "1206e27768608dbf1ec27554f704464820cd5bb232c8c3111d371497fefcb774",
  "c": "66b5cca02885a75c8987c26b9014b2082b3a85617315411e9323bbac8686e7bf",
  "w": "66b5cca02885a75c8987c26b9014b2082b3a85617315411e9323bbac8686e7bf"
} main.jsx:26:16
11:25:29.067 -------------------------------------------------- main.jsx:10:12
11:25:29.067 Old Italic 10300 .. 1032F main.jsx:11:12
11:25:29.067 [fail!]: {
  "m": "567ab9452113afd985f98df7ad07ddc94ed6180803e40e0d471fc248f37741df",
  "c": "6777381a761a156fb8a377b25b5ff075b5af59b117a9f42e900f08030ea7792c",
  "w": "6777381a761a156fb8a377b25b5ff075b5af59b117a9f42e900f08030ea7792c"
} main.jsx:26:16
11:25:29.068 -------------------------------------------------- main.jsx:10:12
11:25:29.068 Gothic 10330 .. 1034F main.jsx:11:12
11:25:29.068 [fail!]: {
  "m": "0f48ba17d93887fb88177ed9686f4e346dbeab80ceae34e7fb734997cf229d47",
  "c": "6a1b990783968ac1788e508a0f5c82ba6e6756c2c98c77ca30cf04c6a140afdf",
  "w": "6a1b990783968ac1788e508a0f5c82ba6e6756c2c98c77ca30cf04c6a140afdf"
} main.jsx:26:16
11:25:29.068 -------------------------------------------------- main.jsx:10:12
11:25:29.068 Old Permic 10350 .. 1037F main.jsx:11:12
11:25:29.068 [fail!]: {
  "m": "7d44c8bc0dc8882769c5016e2c9d1c34ec4f81b34ad4e02a17cfdd9be12fe3c2",
  "c": "5d8fefe02d4a154195938f1688759a5c760685c8a4e631d15267d9e20bb9006c",
  "w": "5d8fefe02d4a154195938f1688759a5c760685c8a4e631d15267d9e20bb9006c"
} main.jsx:26:16
11:25:29.068 -------------------------------------------------- main.jsx:10:12
11:25:29.068 Ugaritic 10380 .. 1039F main.jsx:11:12
11:25:29.069 [fail!]: {
  "m": "057a505be2bbd34103e885b4a46acceb21cf7b7cb8116c1d6dfe3d19f4ad3569",
  "c": "2bd21851e4971e4acaa2679783a43f370fe7473e1e2fc9aaf3cd1df279205da2",
  "w": "2bd21851e4971e4acaa2679783a43f370fe7473e1e2fc9aaf3cd1df279205da2"
} main.jsx:26:16
11:25:29.069 -------------------------------------------------- main.jsx:10:12
11:25:29.069 Old Persian 103A0 .. 103DF main.jsx:11:12
11:25:29.069 [fail!]: {
  "m": "f4fbdfeb14cd1aab5773916c63101be1e1f29b9c2fff7ab83d2d17aabe032d17",
  "c": "f0075485b8300574da5d869095472eaa74d7ba5be397843c4f800d0ef6aaa306",
  "w": "f0075485b8300574da5d869095472eaa74d7ba5be397843c4f800d0ef6aaa306"
} main.jsx:26:16
11:25:29.069 -------------------------------------------------- main.jsx:10:12
11:25:29.069 Deseret 10400 .. 1044F main.jsx:11:12
11:25:29.069 [fail!]: {
  "m": "0cdd1d78b1ad86d5937d45d788cec8dc167954a941f837972314ecabee4270e6",
  "c": "5c1dac5a760a06bcb2d6fe03ce475cd30f406c3f86214137084a71e5f2de348a",
  "w": "5c1dac5a760a06bcb2d6fe03ce475cd30f406c3f86214137084a71e5f2de348a"
} main.jsx:26:16
11:25:29.069 -------------------------------------------------- main.jsx:10:12
11:25:29.070 Shavian 10450 .. 1047F main.jsx:11:12
11:25:29.070 [fail!]: {
  "m": "1e3bc35ee3c913f4395752b20308337f2918409b7aee0c82990e1b6cfe47a674",
  "c": "af7d4daf5f9d09c742284248b378140d0941119869807af966d2c75edb6c8ecf",
  "w": "af7d4daf5f9d09c742284248b378140d0941119869807af966d2c75edb6c8ecf"
} main.jsx:26:16
11:25:29.070 -------------------------------------------------- main.jsx:10:12
11:25:29.070 Osmanya 10480 .. 104AF main.jsx:11:12
11:25:29.070 [fail!]: {
  "m": "6bc89541af57659f077b53d7ad51e56d45a6909a0894d6c4974bb418e58fd84d",
  "c": "0d483cd333f81d78f7946e4f80a8dbf1f88f971a0a1d67d3fe6d2f03a1050cd5",
  "w": "0d483cd333f81d78f7946e4f80a8dbf1f88f971a0a1d67d3fe6d2f03a1050cd5"
} main.jsx:26:16
11:25:29.070 -------------------------------------------------- main.jsx:10:12
11:25:29.070 Osage 104B0 .. 104FF main.jsx:11:12
11:25:29.071 [fail!]: {
  "m": "d22bb4ac1f0386574580fd0e651b27e0faa3b1584d28f4319aace505e01dc00e",
  "c": "0c91c49f73ba4318cb2e4dc0602a71ae29d34f3024d3498818cc5ea4af7ef831",
  "w": "0c91c49f73ba4318cb2e4dc0602a71ae29d34f3024d3498818cc5ea4af7ef831"
} main.jsx:26:16
11:25:29.071 -------------------------------------------------- main.jsx:10:12
11:25:29.071 Elbasan 10500 .. 1052F main.jsx:11:12
11:25:29.071 [fail!]: {
  "m": "631055dd3fe9c7a7886034b744e6a2390ed854936bec0ca48cb3b3fbade9b29a",
  "c": "a2a1b859864d32b7235dc492daabedddc5a49974efbc9b5b5e8096db82599d96",
  "w": "a2a1b859864d32b7235dc492daabedddc5a49974efbc9b5b5e8096db82599d96"
} main.jsx:26:16
11:25:29.071 -------------------------------------------------- main.jsx:10:12
11:25:29.071 Caucasian Albanian 10530 .. 1056F main.jsx:11:12
11:25:29.071 [fail!]: {
  "m": "0a69221c6cb1ac6c25cf5506c7d603699ec4d25d9db4aeda810d3e0d4c261d53",
  "c": "7dd23a25238c9298dbf773b9a2aa91c12a92a8e154649414b7129281922a1647",
  "w": "7dd23a25238c9298dbf773b9a2aa91c12a92a8e154649414b7129281922a1647"
} main.jsx:26:16
11:25:29.071 -------------------------------------------------- main.jsx:10:12
11:25:29.071 Linear A 10600 .. 1077F main.jsx:11:12
11:25:29.072 [fail!]: {
  "m": "530786529279557e6a3888392af0fb5ff97ab13016588b367eb049cdeb84ca18",
  "c": "18c4c35c4a37c55d704ce6f1ad66a4ddde8227d43aa98c7d06b70a1eb2ec183c",
  "w": "18c4c35c4a37c55d704ce6f1ad66a4ddde8227d43aa98c7d06b70a1eb2ec183c"
} main.jsx:26:16
11:25:29.072 -------------------------------------------------- main.jsx:10:12
11:25:29.072 Cypriot Syllabary 10800 .. 1083F main.jsx:11:12
11:25:29.072 [fail!]: {
  "m": "c984e6ac1d056b053036b41cc579675b4c3e098f0457b7facfc6961dc1229fe2",
  "c": "2152c53e0703278c15f908f5d1f8f617009ac09da52b3e17907ec0685517d3e0",
  "w": "2152c53e0703278c15f908f5d1f8f617009ac09da52b3e17907ec0685517d3e0"
} main.jsx:26:16
11:25:29.073 -------------------------------------------------- main.jsx:10:12
11:25:29.073 Imperial Aramaic 10840 .. 1085F main.jsx:11:12
11:25:29.073 [fail!]: {
  "m": "44f65ccd009041c7041f0b5358119bc9e1107213622771bbe13cdcf9e6b523aa",
  "c": "d243fb43346c978e334712c946f49bd4c0b29674d728fa9efabf52c0130811a1",
  "w": "d243fb43346c978e334712c946f49bd4c0b29674d728fa9efabf52c0130811a1"
} main.jsx:26:16
11:25:29.073 -------------------------------------------------- main.jsx:10:12
11:25:29.073 Palmyrene 10860 .. 1087F main.jsx:11:12
11:25:29.073 [fail!]: {
  "m": "400f868f492bf1bc29e6d3290171902ab639a522790d3057d737c848a602bf35",
  "c": "b1f2b4cc309498e9075c4b9767cc561014ee63f675478eabae542d541c1758a3",
  "w": "b1f2b4cc309498e9075c4b9767cc561014ee63f675478eabae542d541c1758a3"
} main.jsx:26:16
11:25:29.073 -------------------------------------------------- main.jsx:10:12
11:25:29.073 Nabataean 10880 .. 108AF main.jsx:11:12
11:25:29.073 [fail!]: {
  "m": "bd42d3736aad4a51c66b4500bb0b4f6b832aa4b2dbe1a05075da08426c472dda",
  "c": "a968fe86234cf4c0669f45a07fd16f3bebb1ed4a403177b18cee13411ca7d649",
  "w": "a968fe86234cf4c0669f45a07fd16f3bebb1ed4a403177b18cee13411ca7d649"
} main.jsx:26:16
11:25:29.073 -------------------------------------------------- main.jsx:10:12
11:25:29.073 Hatran 108E0 .. 108FF main.jsx:11:12
11:25:29.074 [fail!]: {
  "m": "276906f25f9cc69040157b7ad2b2b98cb4bcdfc884e08dfbb6f0f9f71bcdb144",
  "c": "0317423e4572c1f9211d73863ada5581495b862b8ba9001aebf0554a45eacca2",
  "w": "0317423e4572c1f9211d73863ada5581495b862b8ba9001aebf0554a45eacca2"
} main.jsx:26:16
11:25:29.074 -------------------------------------------------- main.jsx:10:12
11:25:29.074 Phoenician 10900 .. 1091F main.jsx:11:12
11:25:29.074 [fail!]: {
  "m": "9184660d912a09b7bf8a5e361bb716824ef07d15372b0386c2b0c917a1586cf1",
  "c": "5cdc0124a1917c341cd9eaea0f491e92ce08f6f3e987f5d2a51181f0945b7013",
  "w": "5cdc0124a1917c341cd9eaea0f491e92ce08f6f3e987f5d2a51181f0945b7013"
} main.jsx:26:16
11:25:29.074 -------------------------------------------------- main.jsx:10:12
11:25:29.074 Lydian 10920 .. 1093F main.jsx:11:12
11:25:29.074 [fail!]: {
  "m": "b885fb8aa94ec1a8dead055741723e1e48dbbe80d811a5a2575f0d4d469153d3",
  "c": "02d057ad2795848940c0b1b142f2e52cbb965ef57a767d8ef2ad8469d399bf86",
  "w": "02d057ad2795848940c0b1b142f2e52cbb965ef57a767d8ef2ad8469d399bf86"
} main.jsx:26:16
11:25:29.074 -------------------------------------------------- main.jsx:10:12
11:25:29.074 Meroitic Hieroglyphs 10980 .. 1099F main.jsx:11:12
11:25:29.074 [fail!]: {
  "m": "4f79e10a0d62d8eb09f1cb1e5151909f16b6476e6338b16f59e524455a2425aa",
  "c": "b468843c16b0e0c24dc670cbdce16359311c718b5b7d31efbc5d13dfa40cdfe4",
  "w": "b468843c16b0e0c24dc670cbdce16359311c718b5b7d31efbc5d13dfa40cdfe4"
} main.jsx:26:16
11:25:29.074 -------------------------------------------------- main.jsx:10:12
11:25:29.075 Meroitic Cursive 109A0 .. 109FF main.jsx:11:12
11:25:29.075 [fail!]: {
  "m": "19f775166da3d9305f96886894495c86e8d78e766065a975eea68d349346bf55",
  "c": "0c43260f6e0b613f20d010babf816bcc2f9b0a97cba95d7dc0e4f03e09b386fa",
  "w": "0c43260f6e0b613f20d010babf816bcc2f9b0a97cba95d7dc0e4f03e09b386fa"
} main.jsx:26:16
11:25:29.075 -------------------------------------------------- main.jsx:10:12
11:25:29.075 Kharoshthi 10A00 .. 10A5F main.jsx:11:12
11:25:29.075 [fail!]: {
  "m": "8cc2271f7e0edbfdfb36297487315ad74b36a932ddcb3125831f2b0e5e30738f",
  "c": "1bed455bc97a5f09be4361855b354ad9f26e64cc9f057b6d5ded66e9ac6dc3ae",
  "w": "1bed455bc97a5f09be4361855b354ad9f26e64cc9f057b6d5ded66e9ac6dc3ae"
} main.jsx:26:16
11:25:29.075 -------------------------------------------------- main.jsx:10:12
11:25:29.075 Old South Arabian 10A60 .. 10A7F main.jsx:11:12
11:25:29.075 [fail!]: {
  "m": "d2dee52ade3bc6a60a7caa3250dac69314a89aa34ad8a2097788a6d250b27ccb",
  "c": "721e0eb524c57102a937858074020e6c84bbed53fd1587b6396dea4beaa692ec",
  "w": "721e0eb524c57102a937858074020e6c84bbed53fd1587b6396dea4beaa692ec"
} main.jsx:26:16
11:25:29.075 -------------------------------------------------- main.jsx:10:12
11:25:29.076 Old North Arabian 10A80 .. 10A9F main.jsx:11:12
11:25:29.076 [fail!]: {
  "m": "8fcc499f6ce7947dd0555023d70231fdee9fb447d68e21c1903680e69c8ce1d9",
  "c": "1adf8cbe672e92392526927bdc3b227c21168c1ba7b368d7a0dc72980760fabd",
  "w": "1adf8cbe672e92392526927bdc3b227c21168c1ba7b368d7a0dc72980760fabd"
} main.jsx:26:16
11:25:29.076 -------------------------------------------------- main.jsx:10:12
11:25:29.076 Manichaean 10AC0 .. 10AFF main.jsx:11:12
11:25:29.076 [fail!]: {
  "m": "626f83f2f8632f93d49f23d6774d459d8eb2a4044ef075e932e2ff8fcaa48d91",
  "c": "3499f2d6bd2ab66987a93d1fe3d368ce1198b6ab939dc502427f70cf7981375f",
  "w": "3499f2d6bd2ab66987a93d1fe3d368ce1198b6ab939dc502427f70cf7981375f"
} main.jsx:26:16
11:25:29.076 -------------------------------------------------- main.jsx:10:12
11:25:29.076 Avestan 10B00 .. 10B3F main.jsx:11:12
11:25:29.076 [fail!]: {
  "m": "2f9d044c2a7fcd72ac1726bcc47e8f72d8c5ec9e4f7ca348b8f783108567c494",
  "c": "b1aa5814854cf484838a55f6b38aac63cae390b13a222c7f3c4d50caf558cf0b",
  "w": "b1aa5814854cf484838a55f6b38aac63cae390b13a222c7f3c4d50caf558cf0b"
} main.jsx:26:16
11:25:29.076 -------------------------------------------------- main.jsx:10:12
11:25:29.076 Inscriptional Parthian 10B40 .. 10B5F main.jsx:11:12
11:25:29.077 [fail!]: {
  "m": "75b1280b68571230eb14570f54de29edaddd5c2f3cc5461a513f318e9d2df33c",
  "c": "ffd13d9b2adce8d6d0890eeffa974b5b364bbd75f662cac213e6b9d64caa43c2",
  "w": "ffd13d9b2adce8d6d0890eeffa974b5b364bbd75f662cac213e6b9d64caa43c2"
} main.jsx:26:16
11:25:29.077 -------------------------------------------------- main.jsx:10:12
11:25:29.077 Inscriptional Pahlavi 10B60 .. 10B7F main.jsx:11:12
11:25:29.077 [fail!]: {
  "m": "68f412c8862a54449234c098fa4fddb86e8ff6586ee99c8bc6619ce70e6f1f94",
  "c": "124ab3a64cf882061ea4b81b49345deb553d65cf3a91e51223f1c2df5612968b",
  "w": "124ab3a64cf882061ea4b81b49345deb553d65cf3a91e51223f1c2df5612968b"
} main.jsx:26:16
11:25:29.077 -------------------------------------------------- main.jsx:10:12
11:25:29.077 Psalter Pahlavi 10B80 .. 10BAF main.jsx:11:12
11:25:29.077 [fail!]: {
  "m": "3153a2475fb34319bb2c3af192788072e24e5db1079585c9a67bbf7ac893f615",
  "c": "d6652216601e1230a67ec53cc70cce5e1185a71058a49dc3f593e5cb15af3a8e",
  "w": "d6652216601e1230a67ec53cc70cce5e1185a71058a49dc3f593e5cb15af3a8e"
} main.jsx:26:16
11:25:29.077 -------------------------------------------------- main.jsx:10:12
11:25:29.077 Old Turkic 10C00 .. 10C4F main.jsx:11:12
11:25:29.077 [fail!]: {
  "m": "99373e79698f2a9e9000a9103b7c5821b84db72033ab27950700b52e8ca3cde2",
  "c": "69be0e3922ec87ebec9c2b4a5fb42a5ddf3feade0fa6db016535104cd1a5112c",
  "w": "69be0e3922ec87ebec9c2b4a5fb42a5ddf3feade0fa6db016535104cd1a5112c"
} main.jsx:26:16
11:25:29.078 -------------------------------------------------- main.jsx:10:12
11:25:29.078 Old Hungarian 10C80 .. 10CFF main.jsx:11:12
11:25:29.078 [fail!]: {
  "m": "4fc8ddc9bf1fb08d7be154b2de94e6cbc75ccfc7a5eab8b2a45ada84f3d2c645",
  "c": "f65aa9ce64c05bd7681d6d47714ba93f4ef1d1f62d7e696830a2db0e81f33c09",
  "w": "f65aa9ce64c05bd7681d6d47714ba93f4ef1d1f62d7e696830a2db0e81f33c09"
} main.jsx:26:16
11:25:29.078 -------------------------------------------------- main.jsx:10:12
11:25:29.078 Rumi Numeral Symbols 10E60 .. 10E7F main.jsx:11:12
11:25:29.078 [fail!]: {
  "m": "8e0e6d5c3bc8f13b5c44779a1b42db8be793cd7e869eef85af5fd84207605f27",
  "c": "5256d9f00138cb7920e48ccef28cd161add38ac97bd39936a08b165c8cf918d5",
  "w": "5256d9f00138cb7920e48ccef28cd161add38ac97bd39936a08b165c8cf918d5"
} main.jsx:26:16
11:25:29.078 -------------------------------------------------- main.jsx:10:12
11:25:29.078 Brahmi 11000 .. 1107F main.jsx:11:12
11:25:29.079 [fail!]: {
  "m": "f5c649866594c04bd05f992de630a3ffd7fda9589eb393f6e938bfa1c2f1a0b0",
  "c": "33e003cd445f3f6681815b3c4753b6b30defb5f4ab82ad9eea449e28543983db",
  "w": "33e003cd445f3f6681815b3c4753b6b30defb5f4ab82ad9eea449e28543983db"
} main.jsx:26:16
11:25:29.079 -------------------------------------------------- main.jsx:10:12
11:25:29.079 Kaithi 11080 .. 110CF main.jsx:11:12
11:25:29.079 [fail!]: {
  "m": "aaf56e0fb0329cf849538770e6f59785ea6e7a3327f9b500c71351722ac89de6",
  "c": "94911beab934a6e8bad3bb370ee59c55e3e7ca88954bd8663d14c48cf2a43ed5",
  "w": "94911beab934a6e8bad3bb370ee59c55e3e7ca88954bd8663d14c48cf2a43ed5"
} main.jsx:26:16
11:25:29.079 -------------------------------------------------- main.jsx:10:12
11:25:29.079 Sora Sompeng 110D0 .. 110FF main.jsx:11:12
11:25:29.079 [fail!]: {
  "m": "22763360adebfd3b05329b9ebc04f71d355be78169d7246b91f892d99cba599f",
  "c": "6b6d6c76bc0885dd4a00bdcbe2cd2d76c2b9742ce4e893e36ac7a8650bb525cf",
  "w": "6b6d6c76bc0885dd4a00bdcbe2cd2d76c2b9742ce4e893e36ac7a8650bb525cf"
} main.jsx:26:16
11:25:29.079 -------------------------------------------------- main.jsx:10:12
11:25:29.079 Chakma 11100 .. 1114F main.jsx:11:12
11:25:29.079 [fail!]: {
  "m": "8db8866dd39df3f0a8c381f04298f97c0c03b07885d242f35dce0bb8115d5539",
  "c": "c069d191dcdd742b2fbf4550c1f30d7433a7993d9d9ca320239cedc1e02a0552",
  "w": "c069d191dcdd742b2fbf4550c1f30d7433a7993d9d9ca320239cedc1e02a0552"
} main.jsx:26:16
11:25:29.080 -------------------------------------------------- main.jsx:10:12
11:25:29.080 Mahajani 11150 .. 1117F main.jsx:11:12
11:25:29.080 [fail!]: {
  "m": "9f3f2744a6a6985e26910211a7d1836a31b195da821fbd9c6444ef790b26eb13",
  "c": "e2b64f879a42d63831f1a61a0d26810d886919a12b7354c628780142f7d942e0",
  "w": "e2b64f879a42d63831f1a61a0d26810d886919a12b7354c628780142f7d942e0"
} main.jsx:26:16
11:25:29.080 -------------------------------------------------- main.jsx:10:12
11:25:29.080 Sharada 11180 .. 111DF main.jsx:11:12
11:25:29.080 [fail!]: {
  "m": "f43dea0dacb9a5affe5b06e3230ba95fa4607ca62a26b325470e940c025e99b1",
  "c": "22a3347f957e92624e8ed11e9825d2bebbd0d79e6cc528e2a21ffef255d52d2f",
  "w": "22a3347f957e92624e8ed11e9825d2bebbd0d79e6cc528e2a21ffef255d52d2f"
} main.jsx:26:16
11:25:29.080 -------------------------------------------------- main.jsx:10:12
11:25:29.080 Sinhala Archaic Numbers 111E0 .. 111FF main.jsx:11:12
11:25:29.080 [fail!]: {
  "m": "a0d12e0acbb8d7df3faf481d64e5bfab261c29d4d3cc6ab3cd419f0bb14e01ed",
  "c": "85cbc2f32338351bb8cb9614702123b2cdc2742c88465f83991e565ca52d6b29",
  "w": "85cbc2f32338351bb8cb9614702123b2cdc2742c88465f83991e565ca52d6b29"
} main.jsx:26:16
11:25:29.080 -------------------------------------------------- main.jsx:10:12
11:25:29.080 Khojki 11200 .. 1124F main.jsx:11:12
11:25:29.081 [fail!]: {
  "m": "53d1ec4e4a47262feff6a452782cfe910f3bc0b696f996436176bdf0e2a842c1",
  "c": "6490df7decaba07055ff2ced5e6fb0c6842cc20a33311aa1c1d833af83105bba",
  "w": "6490df7decaba07055ff2ced5e6fb0c6842cc20a33311aa1c1d833af83105bba"
} main.jsx:26:16
11:25:29.081 -------------------------------------------------- main.jsx:10:12
11:25:29.081 Multani 11280 .. 112AF main.jsx:11:12
11:25:29.081 [fail!]: {
  "m": "39e3df4315153624a094c3cdbc1b6d4c49156aed299199d1b94b6f4ac48335b4",
  "c": "00ca1e8e26e0a856d043aa98497dedd9e577ce1a622099f853827d88d04c214e",
  "w": "00ca1e8e26e0a856d043aa98497dedd9e577ce1a622099f853827d88d04c214e"
} main.jsx:26:16
11:25:29.081 -------------------------------------------------- main.jsx:10:12
11:25:29.081 Khudawadi 112B0 .. 112FF main.jsx:11:12
11:25:29.081 [fail!]: {
  "m": "10f616c90982aaf9821648b7d9d5c23f6b1bb697896b69065e917935c0b6f306",
  "c": "4fe718330833caa7dfe915781bc09122cd52480374e364b8938b3c8dea06306c",
  "w": "4fe718330833caa7dfe915781bc09122cd52480374e364b8938b3c8dea06306c"
} main.jsx:26:16
11:25:29.081 -------------------------------------------------- main.jsx:10:12
11:25:29.081 Grantha 11300 .. 1137F main.jsx:11:12
11:25:29.082 [fail!]: {
  "m": "fd985cc295c96d697e0b5f4cc6276b435512df221ab7b497869583cb8b092dd5",
  "c": "07e2cd641d863773622a89dfb28173c5b6aee805b55a6f82d8d40cb68264605a",
  "w": "07e2cd641d863773622a89dfb28173c5b6aee805b55a6f82d8d40cb68264605a"
} main.jsx:26:16
11:25:29.082 -------------------------------------------------- main.jsx:10:12
11:25:29.082 Newa 11400 .. 1147F main.jsx:11:12
11:25:29.082 [fail!]: {
  "m": "4b700435f1bac750bfaf77f9cb2766c6bcf19c266ec8052391af44e60848ef75",
  "c": "f1a3d3f31b9bbe3cad1c624f69c18aaa805e9edba493d513e3f3d99b7b52cc95",
  "w": "f1a3d3f31b9bbe3cad1c624f69c18aaa805e9edba493d513e3f3d99b7b52cc95"
} main.jsx:26:16
11:25:29.082 -------------------------------------------------- main.jsx:10:12
11:25:29.082 Tirhuta 11480 .. 114DF main.jsx:11:12
11:25:29.082 [fail!]: {
  "m": "840b5d2fcb6fbc40ec15493cb041c6baf0e3154d69e2c1b311501f0be056e06f",
  "c": "80322d31276c20963a55826532471d99165e0ade0fd8306fc841b6ad0c46ac19",
  "w": "80322d31276c20963a55826532471d99165e0ade0fd8306fc841b6ad0c46ac19"
} main.jsx:26:16
11:25:29.083 -------------------------------------------------- main.jsx:10:12
11:25:29.083 Siddham 11580 .. 115FF main.jsx:11:12
11:25:29.083 [fail!]: {
  "m": "589a7a6886dba973f159fe1a5db4f26f4afbb12a7e73d2acfc67ea908c010285",
  "c": "3d2080525cc2e1f1e54234e2d0df2df35a70ec4763ea006b3f0252e3948af1b0",
  "w": "3d2080525cc2e1f1e54234e2d0df2df35a70ec4763ea006b3f0252e3948af1b0"
} main.jsx:26:16
11:25:29.083 -------------------------------------------------- main.jsx:10:12
11:25:29.083 Modi 11600 .. 1165F main.jsx:11:12
11:25:29.083 [fail!]: {
  "m": "0268f78b01285623dabe5ba33ee53e8b6560616b1f6e312647a9fefbe2d441cf",
  "c": "b1286742841c05e8780bd19df097a95426a69a52f61b70f5deb18ca87810196f",
  "w": "b1286742841c05e8780bd19df097a95426a69a52f61b70f5deb18ca87810196f"
} main.jsx:26:16
11:25:29.083 -------------------------------------------------- main.jsx:10:12
11:25:29.083 Mongolian Supplement 11660 .. 1167F main.jsx:11:12
11:25:29.085 [fail!]: {
  "m": "f4abaf8207f230cb911f1ac5e8d7171434a1a022d68e2a4e04ff5c5bda391074",
  "c": "29de4e72908c58d6a4b3bebf91c6670b9ee388f81476e278932945aaef3b7714",
  "w": "29de4e72908c58d6a4b3bebf91c6670b9ee388f81476e278932945aaef3b7714"
} main.jsx:26:16
11:25:29.085 -------------------------------------------------- main.jsx:10:12
11:25:29.085 Takri 11680 .. 116CF main.jsx:11:12
11:25:29.086 [fail!]: {
  "m": "b598ae1c3a827ca2684bb351137a729c85cdb93a5e121d49247a261e6c6270af",
  "c": "4907db710a7f9a0ef59c1c731d54b459a19352f61ee852265315de30168ede0f",
  "w": "4907db710a7f9a0ef59c1c731d54b459a19352f61ee852265315de30168ede0f"
} main.jsx:26:16
11:25:29.086 -------------------------------------------------- main.jsx:10:12
11:25:29.086 Ahom 11700 .. 1173F main.jsx:11:12
11:25:29.086 [fail!]: {
  "m": "134dec7dd333dbc57f7304467e9364604edbfb6dbd480d2b476d32d536e65dbe",
  "c": "b10ea6931989c29d28c2ed771acf4177b1a1b0dacf03c12295ce180427d3388c",
  "w": "b10ea6931989c29d28c2ed771acf4177b1a1b0dacf03c12295ce180427d3388c"
} main.jsx:26:16
11:25:29.086 -------------------------------------------------- main.jsx:10:12
11:25:29.086 Warang Citi 118A0 .. 118FF main.jsx:11:12
11:25:29.087 [fail!]: {
  "m": "89968e4465c8ee239a75cf6a155bc71d8ea7664398568c94f8dfa20e5fa32ee7",
  "c": "c23ef3649f3aa51cd601f04930c0fdba786fdf883d0412f152a31b8175edff48",
  "w": "c23ef3649f3aa51cd601f04930c0fdba786fdf883d0412f152a31b8175edff48"
} main.jsx:26:16
11:25:29.087 -------------------------------------------------- main.jsx:10:12
11:25:29.087 Zanabazar Square 11A00 .. 11A4F main.jsx:11:12
11:25:29.087 [fail!]: {
  "m": "edc4765b94cadd1bed6d30a1ee906b31ffb6d3129f916a63366306294adc2785",
  "c": "883efe8a37c4c88f2e2516c69dd38410a3e5ae0c19092edb5a4965a75c292b97",
  "w": "883efe8a37c4c88f2e2516c69dd38410a3e5ae0c19092edb5a4965a75c292b97"
} main.jsx:26:16
11:25:29.087 -------------------------------------------------- main.jsx:10:12
11:25:29.087 Soyombo 11A50 .. 11AAF main.jsx:11:12
11:25:29.087 [fail!]: {
  "m": "d4eadf1a730c5eb057c67eb71a7ed8c6c29f719ea85747812a44b3a734d869a7",
  "c": "c923c99b6bdabc79fcb1b17c2222ad5f69840674ed138ef7919f7d0aee08ad2e",
  "w": "c923c99b6bdabc79fcb1b17c2222ad5f69840674ed138ef7919f7d0aee08ad2e"
} main.jsx:26:16
11:25:29.087 -------------------------------------------------- main.jsx:10:12
11:25:29.087 Pau Cin Hau 11AC0 .. 11AFF main.jsx:11:12
11:25:29.088 [fail!]: {
  "m": "2103c8743dc28c65d23e9d71f7a225751b4660249d8f7b4b3917b5ccb75d3519",
  "c": "3408308575e26d1950f95d69ad985872d258fac0dc9530c218d687167fcbf394",
  "w": "3408308575e26d1950f95d69ad985872d258fac0dc9530c218d687167fcbf394"
} main.jsx:26:16
11:25:29.088 -------------------------------------------------- main.jsx:10:12
11:25:29.088 Bhaiksuki 11C00 .. 11C6F main.jsx:11:12
11:25:29.088 [fail!]: {
  "m": "7db2e8af51404002cd30944fad8474878e0f81ea5d15e4b485ec2af4c3a79aa3",
  "c": "a777e42a31fe530d65dafe2ac3a6116a901fca52701f28ebf6933efeab29854c",
  "w": "a777e42a31fe530d65dafe2ac3a6116a901fca52701f28ebf6933efeab29854c"
} main.jsx:26:16
11:25:29.088 -------------------------------------------------- main.jsx:10:12
11:25:29.088 Marchen 11C70 .. 11CBF main.jsx:11:12
11:25:29.088 [fail!]: {
  "m": "a8e0437588da63129a9de41cd86a0323b362968ddab2e6ca28ade5046effb7c1",
  "c": "4a8bbaeed90cf94148535a9ca5946abe283373effe44dafe1dff272db3dd1c6c",
  "w": "4a8bbaeed90cf94148535a9ca5946abe283373effe44dafe1dff272db3dd1c6c"
} main.jsx:26:16
11:25:29.089 -------------------------------------------------- main.jsx:10:12
11:25:29.089 Masaram Gondi 11D00 .. 11D5F main.jsx:11:12
11:25:29.089 [fail!]: {
  "m": "78336009aad47539342a99375db3f333cf6e38ae08495e3549d63d75305dbef6",
  "c": "767cfd1ffed58a5d6a870fa8cfa4f6cacd1b12b710782851f80c849327b50554",
  "w": "767cfd1ffed58a5d6a870fa8cfa4f6cacd1b12b710782851f80c849327b50554"
} main.jsx:26:16
11:25:29.089 -------------------------------------------------- main.jsx:10:12
11:25:29.089 Cuneiform 12000 .. 123FF main.jsx:11:12
11:25:29.090 [fail!]: {
  "m": "04e510f225b17a4b40ed736f24cdc56eca9ae8771fdaaccd53c069e32e1b0d47",
  "c": "0e3ed84776448ae850e3be01f093f0a4bc835ea94a7b827b14175225f07d901e",
  "w": "0e3ed84776448ae850e3be01f093f0a4bc835ea94a7b827b14175225f07d901e"
} main.jsx:26:16
11:25:29.090 -------------------------------------------------- main.jsx:10:12
11:25:29.091 Cuneiform Numbers and Punctuation 12400 .. 1247F main.jsx:11:12
11:25:29.091 [fail!]: {
  "m": "f440f3007a1d9350be40491c589d0b61dbeca14b61aaccc30a4dd9e4232bd8e8",
  "c": "50a78bc5803004aac210e5e8f64b68465f8d81c28996265fd1bf4cdb27cd475d",
  "w": "50a78bc5803004aac210e5e8f64b68465f8d81c28996265fd1bf4cdb27cd475d"
} main.jsx:26:16
11:25:29.091 -------------------------------------------------- main.jsx:10:12
11:25:29.091 Early Dynastic Cuneiform 12480 .. 1254F main.jsx:11:12
11:25:29.091 [fail!]: {
  "m": "0ea91163369eeabdc0b523d7a4605bb6f373304355b26134cfd5ab12d890d41a",
  "c": "a637cd2536f030da7307fbbce4834f5b64526e521ffae21f1ef442b70dd4b35d",
  "w": "a637cd2536f030da7307fbbce4834f5b64526e521ffae21f1ef442b70dd4b35d"
} main.jsx:26:16
11:25:29.091 -------------------------------------------------- main.jsx:10:12
11:25:29.092 Egyptian Hieroglyphs 13000 .. 1342F main.jsx:11:12
11:25:29.093 [fail!]: {
  "m": "d22c329ba8409f62b7f16ac61a330ae31b941e79d532c985a19738c115f6bb54",
  "c": "7f950ac278d7fd327088d4724db2ccf3985ffa9f2bfe1aceea93176724ed10cb",
  "w": "7f950ac278d7fd327088d4724db2ccf3985ffa9f2bfe1aceea93176724ed10cb"
} main.jsx:26:16
11:25:29.093 -------------------------------------------------- main.jsx:10:12
11:25:29.093 Anatolian Hieroglyphs 14400 .. 1467F main.jsx:11:12
11:25:29.094 [fail!]: {
  "m": "09c1376cd0e0a487eccadbd487831e5b4c479a831f4c393daf428d0d44e29e06",
  "c": "acca47f1b3ea612ed81789662edabf83e05eee07b5cb319ea0d51e5295667109",
  "w": "acca47f1b3ea612ed81789662edabf83e05eee07b5cb319ea0d51e5295667109"
} main.jsx:26:16
11:25:29.094 -------------------------------------------------- main.jsx:10:12
11:25:29.094 Bamum Supplement 16800 .. 16A3F main.jsx:11:12
11:25:29.095 [fail!]: {
  "m": "cb0e32addfeef291401f811d8eb2c39b8d462347e8692673cf5a159744a3d530",
  "c": "9d429bcdcd07961abb08d93056b65130f8581a56d1c6d53f4fcdaa090756ef59",
  "w": "9d429bcdcd07961abb08d93056b65130f8581a56d1c6d53f4fcdaa090756ef59"
} main.jsx:26:16
11:25:29.095 -------------------------------------------------- main.jsx:10:12
11:25:29.095 Mro 16A40 .. 16A6F main.jsx:11:12
11:25:29.095 [fail!]: {
  "m": "799df7d469505e5c05b2b12605e458e9cf81f621d1f5ba71d277e7a30e6af1dc",
  "c": "5135cdaeaad851ba46ef2ec332bee8c953e67c836328b6cdba5699fca6168b7d",
  "w": "5135cdaeaad851ba46ef2ec332bee8c953e67c836328b6cdba5699fca6168b7d"
} main.jsx:26:16
11:25:29.096 -------------------------------------------------- main.jsx:10:12
11:25:29.096 Bassa Vah 16AD0 .. 16AFF main.jsx:11:12
11:25:29.096 [fail!]: {
  "m": "5bc20161326831074847d8ddf4fd059abf8e0543de29d8d40f9ab6b703afb4b6",
  "c": "41851dabf9d8ebc8358f84c44da19cce6ae74d70e96528fca3b9cbe92c531063",
  "w": "41851dabf9d8ebc8358f84c44da19cce6ae74d70e96528fca3b9cbe92c531063"
} main.jsx:26:16
11:25:29.096 -------------------------------------------------- main.jsx:10:12
11:25:29.096 Pahawh Hmong 16B00 .. 16B8F main.jsx:11:12
11:25:29.096 [fail!]: {
  "m": "e1b3a7298be69836cc3780c2ccfc54ad4a75a9a865e41669e295b7f747c1db8b",
  "c": "264c23c57ae2d33c56f7630b77c4ab9db5e591083f20ab121c0fe78b560be14c",
  "w": "264c23c57ae2d33c56f7630b77c4ab9db5e591083f20ab121c0fe78b560be14c"
} main.jsx:26:16
11:25:29.096 -------------------------------------------------- main.jsx:10:12
11:25:29.096 Miao 16F00 .. 16F9F main.jsx:11:12
11:25:29.097 [fail!]: {
  "m": "66a00beb9e4789471a3ada6c0fb2f0098dd0718a10d65702a2203ec2929a7785",
  "c": "25059a4183ed71863964db1f37f7387e6bfa41b36e23aadd2c34310da27a9996",
  "w": "25059a4183ed71863964db1f37f7387e6bfa41b36e23aadd2c34310da27a9996"
} main.jsx:26:16
11:25:29.097 -------------------------------------------------- main.jsx:10:12
11:25:29.097 Ideographic Symbols and Punctuation 16FE0 .. 16FFF main.jsx:11:12
11:25:29.097 [fail!]: {
  "m": "f6fb43d8e710fedd848919e8128c7a328300a657adb6d0294d222359b827f900",
  "c": "c51b19bd23a9fc38b0b2511663dba85c3434d7ff3a45f84a4456ea79de80375e",
  "w": "c51b19bd23a9fc38b0b2511663dba85c3434d7ff3a45f84a4456ea79de80375e"
} main.jsx:26:16
11:25:29.097 -------------------------------------------------- main.jsx:10:12
11:25:29.097 Tangut 17000 .. 187FF main.jsx:11:12
11:25:29.105 [fail!]: {
  "m": "51edfd6b69254cbde7197a9e4a6b19fa18e6bc0a99403df740c42bd2d787552f",
  "c": "b8bbf98bf6a6c5648e30fb01bf9f07336e3d3c538d961f49d0f29d491650c09b",
  "w": "b8bbf98bf6a6c5648e30fb01bf9f07336e3d3c538d961f49d0f29d491650c09b"
} main.jsx:26:16
11:25:29.105 -------------------------------------------------- main.jsx:10:12
11:25:29.105 Tangut Components 18800 .. 18AFF main.jsx:11:12
11:25:29.107 [fail!]: {
  "m": "2d1b4dc228b325f48f5d3374729f9c01244277a20f89c5fb3d4964d4c9891baf",
  "c": "14f0b06c27177b8f2cf22155d82b5f1449e7b9c0cfea14160435a889eaf45bfb",
  "w": "14f0b06c27177b8f2cf22155d82b5f1449e7b9c0cfea14160435a889eaf45bfb"
} main.jsx:26:16
11:25:29.107 -------------------------------------------------- main.jsx:10:12
11:25:29.107 Kana Supplement 1B000 .. 1B0FF main.jsx:11:12
11:25:29.107 [fail!]: {
  "m": "a0bf41d68d2e3e06947b5b21fe69cb602a09c78761e98bdc2fd21f4897df3881",
  "c": "658fe3b0f1f655328bfaa4c4ebe0d6c08b3fe173b6e58da4700c8463e9d89104",
  "w": "658fe3b0f1f655328bfaa4c4ebe0d6c08b3fe173b6e58da4700c8463e9d89104"
} main.jsx:26:16
11:25:29.107 -------------------------------------------------- main.jsx:10:12
11:25:29.107 Kana Extended-A 1B100 .. 1B12F main.jsx:11:12
11:25:29.108 [fail!]: {
  "m": "b9cb19c429f26fc6faa748395d504f8a06f50ac8c1411c4b52e6d2067bce6d6d",
  "c": "b3d9ea20886ac69ea7eafe678279c444691dd339347710686544ff58d2524ba1",
  "w": "b3d9ea20886ac69ea7eafe678279c444691dd339347710686544ff58d2524ba1"
} main.jsx:26:16
11:25:29.108 -------------------------------------------------- main.jsx:10:12
11:25:29.108 Nushu 1B170 .. 1B2FF main.jsx:11:12
11:25:29.108 [fail!]: {
  "m": "5bfa4353801650b72fe8ad89de54175990232485ae139c947cbcca5cb6bb5198",
  "c": "2fc1087043848db3ebbb37c4811f76404b1785cf5564fb01947e907c991979b2",
  "w": "2fc1087043848db3ebbb37c4811f76404b1785cf5564fb01947e907c991979b2"
} main.jsx:26:16
11:25:29.108 -------------------------------------------------- main.jsx:10:12
11:25:29.108 Duployan 1BC00 .. 1BC9F main.jsx:11:12
11:25:29.109 [fail!]: {
  "m": "3f9c8ed8c7c8a484e7da46c66191a9b0883fa8da57ce443b2f804acac692b1dd",
  "c": "42e253316b62493722ce879ba69b0614c3f798ab4e3c500be34400f2444c5bc7",
  "w": "42e253316b62493722ce879ba69b0614c3f798ab4e3c500be34400f2444c5bc7"
} main.jsx:26:16
11:25:29.109 -------------------------------------------------- main.jsx:10:12
11:25:29.109 Shorthand Format Controls 1BCA0 .. 1BCAF main.jsx:11:12
11:25:29.109 [fail!]: {
  "m": "e70667ed3bd5130c5fc4d5e32a113e200278d63a3ea9d7098fb3c0376c2fd9a8",
  "c": "0b2d20384c1e1d3173e262313bd07c1a0cbaea782ca29136dd601e133f413baf",
  "w": "0b2d20384c1e1d3173e262313bd07c1a0cbaea782ca29136dd601e133f413baf"
} main.jsx:26:16
11:25:29.109 -------------------------------------------------- main.jsx:10:12
11:25:29.109 Byzantine Musical Symbols 1D000 .. 1D0FF main.jsx:11:12
11:25:29.110 [fail!]: {
  "m": "4a756f73f0cf3bb3296ac2fb1b6fe66159f8dae183a09adfe0c57b4c9d03bedd",
  "c": "d75a09c4205038ba7f5e1919e2ee56aae3682fa54e27b9365ae91e32b8e4620f",
  "w": "d75a09c4205038ba7f5e1919e2ee56aae3682fa54e27b9365ae91e32b8e4620f"
} main.jsx:26:16
11:25:29.110 -------------------------------------------------- main.jsx:10:12
11:25:29.110 Musical Symbols 1D100 .. 1D1FF main.jsx:11:12
11:25:29.110 [fail!]: {
  "m": "38ad67858f3b98af8dd096cb3c04f3bf81c156f911b6dd990241fe498ba57a35",
  "c": "a12f6365baf7a61e2a0da02a6cba0380018f63e23f2671b38fef988bb0f8ea11",
  "w": "a12f6365baf7a61e2a0da02a6cba0380018f63e23f2671b38fef988bb0f8ea11"
} main.jsx:26:16
11:25:29.110 -------------------------------------------------- main.jsx:10:12
11:25:29.110 Ancient Greek Musical Notation 1D200 .. 1D24F main.jsx:11:12
11:25:29.111 [fail!]: {
  "m": "52909d1e4ab6887a485c14f36210e9d0daabdcd1c4fa083a8b2cfbc34c339a1a",
  "c": "34f704beca86b906a30d8aecb5494ff53ad1453c825b376f93d1279d3a6970d9",
  "w": "34f704beca86b906a30d8aecb5494ff53ad1453c825b376f93d1279d3a6970d9"
} main.jsx:26:16
11:25:29.111 -------------------------------------------------- main.jsx:10:12
11:25:29.111 Tai Xuan Jing Symbols 1D300 .. 1D35F main.jsx:11:12
11:25:29.111 [fail!]: {
  "m": "d9fcd24b2a11bc2d2a9c80ac801f0c64dea02f1ca7ac5a8ce9e2089e6af54849",
  "c": "85a18ceb852854ca3ead71b346bb9c84b59052fa8ccf7c5c7ec5f71272b24ee8",
  "w": "85a18ceb852854ca3ead71b346bb9c84b59052fa8ccf7c5c7ec5f71272b24ee8"
} main.jsx:26:16
11:25:29.111 -------------------------------------------------- main.jsx:10:12
11:25:29.111 Counting Rod Numerals 1D360 .. 1D37F main.jsx:11:12
11:25:29.111 [fail!]: {
  "m": "9e529a49f515bcdcc3b3313cfb5d16fc73bd140b6a889c15f5905cc3ba23f595",
  "c": "63ae7e3c3f03ae8ec323a8b805c7242c5d7eb8d31609c41b5f4d153ca06ba8f0",
  "w": "63ae7e3c3f03ae8ec323a8b805c7242c5d7eb8d31609c41b5f4d153ca06ba8f0"
} main.jsx:26:16
11:25:29.111 -------------------------------------------------- main.jsx:10:12
11:25:29.111 Mathematical Alphanumeric Symbols 1D400 .. 1D7FF main.jsx:11:12
11:25:29.113 [fail!]: {
  "m": "292f22c3b4155bf39b8974b8b25cc51a667ff0e14a2a3aece439ed746319c8bd",
  "c": "ce435327e95a421184a08fd5db64ac01cca4187e3411385b38a6818ffd620b32",
  "w": "ce435327e95a421184a08fd5db64ac01cca4187e3411385b38a6818ffd620b32"
} main.jsx:26:16
11:25:29.113 -------------------------------------------------- main.jsx:10:12
11:25:29.113 Sutton SignWriting 1D800 .. 1DAAF main.jsx:11:12
11:25:29.114 [fail!]: {
  "m": "2248bfbe4dc84bf44a08d28bbfd74085597fe6b7c4bf81a83eed3db092663d1d",
  "c": "741d17ab5766200502b887456e955234d7ecc524116096d72795e6d20d1d19cb",
  "w": "741d17ab5766200502b887456e955234d7ecc524116096d72795e6d20d1d19cb"
} main.jsx:26:16
11:25:29.114 -------------------------------------------------- main.jsx:10:12
11:25:29.114 Glagolitic Supplement 1E000 .. 1E02F main.jsx:11:12
11:25:29.114 [fail!]: {
  "m": "6227af4f7d7c2b350cc0b423648d416adfeab1c3429dacff1dffcc62ed74ab7d",
  "c": "ae658a5632c8552a4209c37d20d9815fff7f6e93d17f20bca4707383273d5fda",
  "w": "ae658a5632c8552a4209c37d20d9815fff7f6e93d17f20bca4707383273d5fda"
} main.jsx:26:16
11:25:29.114 -------------------------------------------------- main.jsx:10:12
11:25:29.114 Mende Kikakui 1E800 .. 1E8DF main.jsx:11:12
11:25:29.115 [fail!]: {
  "m": "30236d56607026f50a80e65a067f4fa433b85506becc066599218987bbcf3985",
  "c": "b9279caec664f53ad5bf0259d4824a834490e8ce73b75cfb22859eb83a627aac",
  "w": "b9279caec664f53ad5bf0259d4824a834490e8ce73b75cfb22859eb83a627aac"
} main.jsx:26:16
11:25:29.115 -------------------------------------------------- main.jsx:10:12
11:25:29.115 Adlam 1E900 .. 1E95F main.jsx:11:12
11:25:29.115 [fail!]: {
  "m": "2c7b8c8125fd1f1121658e5f3571dc806ede1d901d345e275a92c213c9e49967",
  "c": "69244854d2eb26a46903dc9ea5275626fc851eb2aa7d51f0e7a1cf87abcf54fb",
  "w": "69244854d2eb26a46903dc9ea5275626fc851eb2aa7d51f0e7a1cf87abcf54fb"
} main.jsx:26:16
11:25:29.115 -------------------------------------------------- main.jsx:10:12
11:25:29.115 Arabic Mathematical Alphabetic Symbols 1EE00 .. 1EEFF main.jsx:11:12
11:25:29.116 [fail!]: {
  "m": "9c054cb3c8f3449a1ccdd37aaf1e0d60c83d5a0e71a009391491b20270c78d39",
  "c": "d158542e0d937c0c233edd6635594abc489670f82940db6ad0112fe36989581b",
  "w": "d158542e0d937c0c233edd6635594abc489670f82940db6ad0112fe36989581b"
} main.jsx:26:16
11:25:29.116 -------------------------------------------------- main.jsx:10:12
11:25:29.116 Mahjong Tiles 1F000 .. 1F02F main.jsx:11:12
11:25:29.116 [fail!]: {
  "m": "cc67d640b588e015429e92c328710b714dedb6fe5cc1401c97072e888bbd7488",
  "c": "68f72877f98eba2d416b996cbe9a9444318142930343238e99ed7285ca3b36f0",
  "w": "68f72877f98eba2d416b996cbe9a9444318142930343238e99ed7285ca3b36f0"
} main.jsx:26:16
11:25:29.116 -------------------------------------------------- main.jsx:10:12
11:25:29.116 Domino Tiles 1F030 .. 1F09F main.jsx:11:12
11:25:29.116 [fail!]: {
  "m": "a084e801d6922b05ed3e4ec359463089afcd9e0cae0baa3bfe52b676c83ca9a5",
  "c": "3a8589377fd1101c501a60034c9d2e5d6db5f128b531e79302e18262ca56f09d",
  "w": "3a8589377fd1101c501a60034c9d2e5d6db5f128b531e79302e18262ca56f09d"
} main.jsx:26:16
11:25:29.116 -------------------------------------------------- main.jsx:10:12
11:25:29.116 Playing Cards 1F0A0 .. 1F0FF main.jsx:11:12
11:25:29.117 [fail!]: {
  "m": "cf0c741655f645961d73c676f5e334827576ee941c433cc9091dcc2bdf41ded9",
  "c": "567f6b48c4b5a41e7f191e37e3c675f29ab290dd549bc4b42293976d51b35371",
  "w": "567f6b48c4b5a41e7f191e37e3c675f29ab290dd549bc4b42293976d51b35371"
} main.jsx:26:16
11:25:29.117 -------------------------------------------------- main.jsx:10:12
11:25:29.117 Enclosed Alphanumeric Supplement 1F100 .. 1F1FF main.jsx:11:12
11:25:29.117 [fail!]: {
  "m": "20de3d6263ea06cfcb29c41ddafd571253376d55f2d9281a5edcfd5994763488",
  "c": "166beeaa55aca89d233fb531d4ebc36cff4aa8f58a2d655131b74959190017bb",
  "w": "166beeaa55aca89d233fb531d4ebc36cff4aa8f58a2d655131b74959190017bb"
} main.jsx:26:16
11:25:29.117 -------------------------------------------------- main.jsx:10:12
11:25:29.117 Enclosed Ideographic Supplement 1F200 .. 1F2FF main.jsx:11:12
11:25:29.118 [fail!]: {
  "m": "d11f1090318c9a9da31fc30a4c7240fa6cb575f5d698b02656b3c745cb80c3ae",
  "c": "68ab3fa6ec7c92ecb83e7bf886a67454fc272f7fc8cbf16a762755f09253eb2c",
  "w": "68ab3fa6ec7c92ecb83e7bf886a67454fc272f7fc8cbf16a762755f09253eb2c"
} main.jsx:26:16
11:25:29.118 -------------------------------------------------- main.jsx:10:12
11:25:29.118 Miscellaneous Symbols and Pictographs 1F300 .. 1F5FF main.jsx:11:12
11:25:29.119 [fail!]: {
  "m": "939efe63f9867b564cc284e0a2e788d13ac1fa0b4111fbfa2122855e02eb2603",
  "c": "1ccb52830d5b1d48a3e4bd2369f32759bced44acd13dd921a48deabfbd744e92",
  "w": "1ccb52830d5b1d48a3e4bd2369f32759bced44acd13dd921a48deabfbd744e92"
} main.jsx:26:16
11:25:29.119 -------------------------------------------------- main.jsx:10:12
11:25:29.119 Emoticons 1F600 .. 1F64F main.jsx:11:12
11:25:29.119 [fail!]: {
  "m": "d05268f0e4106e9ab8bc16d673e3a6f5743dcc6a8317c81dc010efa758838f18",
  "c": "a247c7630c0c1d9ed034d710ea0a12aa24af6d1f13199cfcd4dd0475cae5c626",
  "w": "a247c7630c0c1d9ed034d710ea0a12aa24af6d1f13199cfcd4dd0475cae5c626"
} main.jsx:26:16
11:25:29.120 -------------------------------------------------- main.jsx:10:12
11:25:29.120 Ornamental Dingbats 1F650 .. 1F67F main.jsx:11:12
11:25:29.120 [fail!]: {
  "m": "9b8b09ef4ca2027c3ab4a3b7bfec6e1c40851178478b63746e50c42c7b84ae15",
  "c": "50d320e18f18e0c2672dd6e22e1e2c97a32c2815006bab1e74e8d286f3fe53a4",
  "w": "50d320e18f18e0c2672dd6e22e1e2c97a32c2815006bab1e74e8d286f3fe53a4"
} main.jsx:26:16
11:25:29.120 -------------------------------------------------- main.jsx:10:12
11:25:29.120 Transport and Map Symbols 1F680 .. 1F6FF main.jsx:11:12
11:25:29.120 [fail!]: {
  "m": "995ab30b003216aa513a19407d94ab79ecfa95cc25d71989b97bec0e43556883",
  "c": "177cef47d80b4a4d5256a86cdbb99a86f0148572644d9998ec8b5b0082484789",
  "w": "177cef47d80b4a4d5256a86cdbb99a86f0148572644d9998ec8b5b0082484789"
} main.jsx:26:16
11:25:29.120 -------------------------------------------------- main.jsx:10:12
11:25:29.121 Alchemical Symbols 1F700 .. 1F77F main.jsx:11:12
11:25:29.121 [fail!]: {
  "m": "0d054ed73896e71441b2378702a7cb10de614be0212e10d96c9ec66f408b65cd",
  "c": "33c6e07bce98471e6eaa9601088f59f26a897ad07893fa984f3ca54626457e66",
  "w": "33c6e07bce98471e6eaa9601088f59f26a897ad07893fa984f3ca54626457e66"
} main.jsx:26:16
11:25:29.121 -------------------------------------------------- main.jsx:10:12
11:25:29.121 Geometric Shapes Extended 1F780 .. 1F7FF main.jsx:11:12
11:25:29.121 [fail!]: {
  "m": "45ae5eae115304969ab74119bab66e08bab11c1e1fb17e39e32a8dccf4cbcc80",
  "c": "48be48254f741aa9b522c15267cc11be322660835ca6ba3d18a7eba3f377eff1",
  "w": "48be48254f741aa9b522c15267cc11be322660835ca6ba3d18a7eba3f377eff1"
} main.jsx:26:16
11:25:29.121 -------------------------------------------------- main.jsx:10:12
11:25:29.121 Supplemental Arrows-C 1F800 .. 1F8FF main.jsx:11:12
11:25:29.122 [fail!]: {
  "m": "bb7d9ea2c70c727b5c0ebe424a975babf320fd6ef7b689e06b6f23002ab633d7",
  "c": "0ee9f6578b2180f72259e98b361353743932a58afdd719536cf12dd183e4d449",
  "w": "0ee9f6578b2180f72259e98b361353743932a58afdd719536cf12dd183e4d449"
} main.jsx:26:16
11:25:29.122 -------------------------------------------------- main.jsx:10:12
11:25:29.122 Supplemental Symbols and Pictographs 1F900 .. 1F9FF main.jsx:11:12
11:25:29.123 [fail!]: {
  "m": "dcd04a3d95a35a1499b212d5e3d57e870707a2a08b07b9da764a0511714a9783",
  "c": "21de5f5419ed87e7f03a35d08e1bf3d373d835c45f88177bfaa0fd1990793bf2",
  "w": "21de5f5419ed87e7f03a35d08e1bf3d373d835c45f88177bfaa0fd1990793bf2"
} main.jsx:26:16
11:25:29.123 -------------------------------------------------- main.jsx:10:12
11:25:29.123 CJK Unified Ideographs Extension B 20000 .. 2A6DF main.jsx:11:12
11:25:29.179 [fail!]: {
  "m": "23503f0f7e75a148d09f2754ab6e945bda5b465cbb274b38977943d39f743ac8",
  "c": "3dc6c8a854564ddc42833f0bef766d6caaadfb211ad40c6e318274e28ec6721c",
  "w": "3dc6c8a854564ddc42833f0bef766d6caaadfb211ad40c6e318274e28ec6721c"
} main.jsx:26:16
11:25:29.179 -------------------------------------------------- main.jsx:10:12
11:25:29.179 CJK Unified Ideographs Extension C 2A700 .. 2B73F main.jsx:11:12
11:25:29.185 [fail!]: {
  "m": "4c32b3bf0cb378e7ab9be0d960c4ba0f4ef1bc13030e29653ae33f5f503a4371",
  "c": "e4496b28c4a1afaad916de1e3808f96005ddc10d5df8a73690f04a3518400492",
  "w": "e4496b28c4a1afaad916de1e3808f96005ddc10d5df8a73690f04a3518400492"
} main.jsx:26:16
11:25:29.185 -------------------------------------------------- main.jsx:10:12
11:25:29.185 CJK Unified Ideographs Extension D 2B740 .. 2B81F main.jsx:11:12
11:25:29.185 [fail!]: {
  "m": "5da578d054f52150de2474ab5d8a3d5c90f451173919b3c811e9b5028a2ac5d4",
  "c": "c7a03e29d7b7738b1b78bfa18d4229977b10f40554665f15dfb8c637d3283b9a",
  "w": "c7a03e29d7b7738b1b78bfa18d4229977b10f40554665f15dfb8c637d3283b9a"
} main.jsx:26:16
11:25:29.186 -------------------------------------------------- main.jsx:10:12
11:25:29.186 CJK Unified Ideographs Extension E 2B820 .. 2CEAF main.jsx:11:12
11:25:29.193 [fail!]: {
  "m": "92bdae51b4d6573e35099b9188cb7ebd72f571b0001e9a82fd27d74adaff1945",
  "c": "51f28f14db3074b6cf37b20b022b6a0dd622394fe02b303ff11ce2d8fbdb12ca",
  "w": "51f28f14db3074b6cf37b20b022b6a0dd622394fe02b303ff11ce2d8fbdb12ca"
} main.jsx:26:16
11:25:29.193 -------------------------------------------------- main.jsx:10:12
11:25:29.193 CJK Unified Ideographs Extension F 2CEB0 .. 2EBEF main.jsx:11:12
11:25:29.203 [fail!]: {
  "m": "af239dedc3b1985123e37b5057dda1f7e6b203ffb0f6cac587ff7f04479c1aa3",
  "c": "8be0eddd978785ac22055bac3c3bdb1eb9fdaef3ffdc521f9db43d91e1f65f15",
  "w": "8be0eddd978785ac22055bac3c3bdb1eb9fdaef3ffdc521f9db43d91e1f65f15"
} main.jsx:26:16
11:25:29.203 -------------------------------------------------- main.jsx:10:12
11:25:29.203 CJK Compatibility Ideographs Supplement 2F800 .. 2FA1F main.jsx:11:12
11:25:29.204 [fail!]: {
  "m": "6baf20cdbd57a0073231ffc87cf72e965d2c377c33945d71f6eafb284678d5b6",
  "c": "b3294d25299cb9571e22df8cfdb87aacaca65c4db57683ac00b5a0543aaad5bf",
  "w": "b3294d25299cb9571e22df8cfdb87aacaca65c4db57683ac00b5a0543aaad5bf"
} main.jsx:26:16
11:25:29.204 -------------------------------------------------- main.jsx:10:12
11:25:29.204 Tags E0000 .. E007F main.jsx:11:12
11:25:29.205 [fail!]: {
  "m": "2c85f768f92aeb68357e28ffff105f26b2263d421da30d539c4d6ec41186fad5",
  "c": "328e7a3e84555dad83d870a4900db0d0ea4d6fe208fdf45c8473c302a646d9e6",
  "w": "328e7a3e84555dad83d870a4900db0d0ea4d6fe208fdf45c8473c302a646d9e6"
} main.jsx:26:16
11:25:29.205 -------------------------------------------------- main.jsx:10:12
11:25:29.205 Variation Selectors Supplement E0100 .. E01EF main.jsx:11:12
11:25:29.205 [fail!]: {
  "m": "891f5f0a484be63124a54edbddedc0fb9ce8f28727eace181e5897658fb541a6",
  "c": "c6af2c09c348d30fb224f46b7f3f68efa3b8e1f02b8176bda4b68ac883acfd86",
  "w": "c6af2c09c348d30fb224f46b7f3f68efa3b8e1f02b8176bda4b68ac883acfd86"
} main.jsx:26:16
11:25:29.205 -------------------------------------------------- main.jsx:10:12
11:25:29.205 Supplementary Private Use Area-A F0000 .. FFFFF main.jsx:11:12
11:25:29.294 [fail!]: {
  "m": "ad7be501a5fc809a82de65112060fae177e40f814c8dbae3bcddf74926c291b5",
  "c": "4004a1af09f786037e00aeb1789998daa48c9a7cfad834685a15ac2e7f0cfe16",
  "w": "4004a1af09f786037e00aeb1789998daa48c9a7cfad834685a15ac2e7f0cfe16"
} main.jsx:26:16
11:25:29.294 -------------------------------------------------- main.jsx:10:12
11:25:29.294 Supplementary Private Use Area-B 100000 .. 10FFFF main.jsx:11:12
11:25:29.390 [fail!]: {
  "m": "ba180a17807261f13ab0d7dbe9640bd2b67aa123547d03baff577452dcad1ca2",
  "c": "f97d1bd9373aa8b13963694ca8a04154425f03b1becb8a8d8d09daaaf1c169cf",
  "w": "f97d1bd9373aa8b13963694ca8a04154425f03b1becb8a8d8d09daaaf1c169cf"
} main.jsx:26:16
